<?xml version="1.0" encoding="UTF-8"?>
<testsuites>
  <testsuite name="examples" timestamp="2025-09-24T13:16:28Z" hostname="a0c806848f65" tests="115" skipped="115" failures="0" errors="0" time="1.611">
    <testcase time="0.00800000000000001" classname="examples" name="example_add_expr.Rd">
      <skipped message="Reason: On CRAN ('test-examples.R:124:7')"/>
    </testcase>
    <testcase time="0.0499999999999998" classname="examples" name="example_arm_ref_comp_observer.Rd">
      <skipped message="Reason: On CRAN ('test-examples.R:124:7')"/>
    </testcase>
    <testcase time="0.0670000000000002" classname="examples" name="example_as_num.Rd">
      <skipped message="Reason: On CRAN ('test-examples.R:124:7')"/>
    </testcase>
    <testcase time="0.0129999999999999" classname="examples" name="example_bracket_expr.Rd">
      <skipped message="Reason: On CRAN ('test-examples.R:124:7')"/>
    </testcase>
    <testcase time="0.0130000000000003" classname="examples" name="example_call_concatenate.Rd">
      <skipped message="Reason: On CRAN ('test-examples.R:124:7')"/>
    </testcase>
    <testcase time="0.012" classname="examples" name="example_check_arm_ref_comp.Rd">
      <skipped message="Reason: On CRAN ('test-examples.R:124:7')"/>
    </testcase>
    <testcase time="0.0129999999999999" classname="examples" name="example_clean_description.Rd">
      <skipped message="Reason: On CRAN ('test-examples.R:124:7')"/>
    </testcase>
    <testcase time="0.0129999999999999" classname="examples" name="example_color_lab_values.Rd">
      <skipped message="Reason: On CRAN ('test-examples.R:124:7')"/>
    </testcase>
    <testcase time="0.0129999999999999" classname="examples" name="example_column_annotation_label.Rd">
      <skipped message="Reason: On CRAN ('test-examples.R:124:7')"/>
    </testcase>
    <testcase time="0.0129999999999999" classname="examples" name="example_control_tte.Rd">
      <skipped message="Reason: On CRAN ('test-examples.R:124:7')"/>
    </testcase>
    <testcase time="0.012" classname="examples" name="example_cs_to_des_filter.Rd">
      <skipped message="Reason: On CRAN ('test-examples.R:124:7')"/>
    </testcase>
    <testcase time="0.0130000000000003" classname="examples" name="example_cs_to_des_select.Rd">
      <skipped message="Reason: On CRAN ('test-examples.R:124:7')"/>
    </testcase>
    <testcase time="0.016" classname="examples" name="example_cs_to_filter_spec.Rd">
      <skipped message="Reason: On CRAN ('test-examples.R:124:7')"/>
    </testcase>
    <testcase time="0.012" classname="examples" name="example_cs_to_select_spec.Rd">
      <skipped message="Reason: On CRAN ('test-examples.R:124:7')"/>
    </testcase>
    <testcase time="0.0129999999999999" classname="examples" name="example_default_total_label.Rd">
      <skipped message="Reason: On CRAN ('test-examples.R:124:7')"/>
    </testcase>
    <testcase time="0.0129999999999999" classname="examples" name="example_ex_data.Rd">
      <skipped message="Reason: On CRAN ('test-examples.R:124:7')"/>
    </testcase>
    <testcase time="0.0129999999999999" classname="examples" name="example_extract_input.Rd">
      <skipped message="Reason: On CRAN ('test-examples.R:124:7')"/>
    </testcase>
    <testcase time="0.012" classname="examples" name="example_facet_grid_formula.Rd">
      <skipped message="Reason: On CRAN ('test-examples.R:124:7')"/>
    </testcase>
    <testcase time="0.0130000000000003" classname="examples" name="example_get_g_forest_obj_var_name.Rd">
      <skipped message="Reason: On CRAN ('test-examples.R:124:7')"/>
    </testcase>
    <testcase time="0.0129999999999999" classname="examples" name="example_get_paramcd_label.Rd">
      <skipped message="Reason: On CRAN ('test-examples.R:124:7')"/>
    </testcase>
    <testcase time="0.012" classname="examples" name="example_get_var_labels.Rd">
      <skipped message="Reason: On CRAN ('test-examples.R:124:7')"/>
    </testcase>
    <testcase time="0.0129999999999999" classname="examples" name="example_h_concat_expr.Rd">
      <skipped message="Reason: On CRAN ('test-examples.R:124:7')"/>
    </testcase>
    <testcase time="0.012" classname="examples" name="example_is.cs_or_des.Rd">
      <skipped message="Reason: On CRAN ('test-examples.R:124:7')"/>
    </testcase>
    <testcase time="0.0180000000000002" classname="examples" name="example_make_barchart_simple_call.Rd">
      <skipped message="Reason: On CRAN ('test-examples.R:124:7')"/>
    </testcase>
    <testcase time="0.0129999999999999" classname="examples" name="example_module_arguments.Rd">
      <skipped message="Reason: On CRAN ('test-examples.R:124:7')"/>
    </testcase>
    <testcase time="0.0129999999999999" classname="examples" name="example_pipe_expr.Rd">
      <skipped message="Reason: On CRAN ('test-examples.R:124:7')"/>
    </testcase>
    <testcase time="0.012" classname="examples" name="example_prepare_arm.Rd">
      <skipped message="Reason: On CRAN ('test-examples.R:124:7')"/>
    </testcase>
    <testcase time="0.0129999999999999" classname="examples" name="example_prepare_arm_levels.Rd">
      <skipped message="Reason: On CRAN ('test-examples.R:124:7')"/>
    </testcase>
    <testcase time="0.0129999999999999" classname="examples" name="example_select_decorators.Rd">
      <skipped message="Reason: On CRAN ('test-examples.R:124:7')"/>
    </testcase>
    <testcase time="0.0130000000000003" classname="examples" name="example_set_chunk_attrs.Rd">
      <skipped message="Reason: On CRAN ('test-examples.R:124:7')"/>
    </testcase>
    <testcase time="0.0129999999999999" classname="examples" name="example_set_chunk_dims.Rd">
      <skipped message="Reason: On CRAN ('test-examples.R:124:7')"/>
    </testcase>
    <testcase time="0.0129999999999999" classname="examples" name="example_split_choices.Rd">
      <skipped message="Reason: On CRAN ('test-examples.R:124:7')"/>
    </testcase>
    <testcase time="0.0129999999999999" classname="examples" name="example_split_col_expr.Rd">
      <skipped message="Reason: On CRAN ('test-examples.R:124:7')"/>
    </testcase>
    <testcase time="0.012" classname="examples" name="example_split_interactions.Rd">
      <skipped message="Reason: On CRAN ('test-examples.R:124:7')"/>
    </testcase>
    <testcase time="0.0170000000000003" classname="examples" name="example_srv_decorate_teal_data.Rd">
      <skipped message="Reason: On CRAN ('test-examples.R:124:7')"/>
    </testcase>
    <testcase time="0.0129999999999999" classname="examples" name="example_substitute_names.Rd">
      <skipped message="Reason: On CRAN ('test-examples.R:124:7')"/>
    </testcase>
    <testcase time="0.0129999999999999" classname="examples" name="example_substitute_q.Rd">
      <skipped message="Reason: On CRAN ('test-examples.R:124:7')"/>
    </testcase>
    <testcase time="0.0129999999999999" classname="examples" name="example_teal.modules.clinical_package.Rd">
      <skipped message="Reason: On CRAN ('test-examples.R:124:7')"/>
    </testcase>
    <testcase time="0.0129999999999999" classname="examples" name="example_template_a_gee.Rd">
      <skipped message="Reason: On CRAN ('test-examples.R:124:7')"/>
    </testcase>
    <testcase time="0.012" classname="examples" name="example_template_abnormality.Rd">
      <skipped message="Reason: On CRAN ('test-examples.R:124:7')"/>
    </testcase>
    <testcase time="0.0130000000000003" classname="examples" name="example_template_abnormality_by_worst_grade.Rd">
      <skipped message="Reason: On CRAN ('test-examples.R:124:7')"/>
    </testcase>
    <testcase time="0.0129999999999999" classname="examples" name="example_template_adverse_events.Rd">
      <skipped message="Reason: On CRAN ('test-examples.R:124:7')"/>
    </testcase>
    <testcase time="0.0129999999999999" classname="examples" name="example_template_ancova.Rd">
      <skipped message="Reason: On CRAN ('test-examples.R:124:7')"/>
    </testcase>
    <testcase time="0.0129999999999999" classname="examples" name="example_template_arguments.Rd">
      <skipped message="Reason: On CRAN ('test-examples.R:124:7')"/>
    </testcase>
    <testcase time="0.0130000000000003" classname="examples" name="example_template_basic_info.Rd">
      <skipped message="Reason: On CRAN ('test-examples.R:124:7')"/>
    </testcase>
    <testcase time="0.0169999999999999" classname="examples" name="example_template_binary_outcome.Rd">
      <skipped message="Reason: On CRAN ('test-examples.R:124:7')"/>
    </testcase>
    <testcase time="0.0129999999999999" classname="examples" name="example_template_coxreg_m.Rd">
      <skipped message="Reason: On CRAN ('test-examples.R:124:7')"/>
    </testcase>
    <testcase time="0.0129999999999999" classname="examples" name="example_template_coxreg_u.Rd">
      <skipped message="Reason: On CRAN ('test-examples.R:124:7')"/>
    </testcase>
    <testcase time="0.0129999999999999" classname="examples" name="example_template_events.Rd">
      <skipped message="Reason: On CRAN ('test-examples.R:124:7')"/>
    </testcase>
    <testcase time="0.0130000000000003" classname="examples" name="example_template_events_by_grade.Rd">
      <skipped message="Reason: On CRAN ('test-examples.R:124:7')"/>
    </testcase>
    <testcase time="0.0129999999999999" classname="examples" name="example_template_events_col_by_grade.Rd">
      <skipped message="Reason: On CRAN ('test-examples.R:124:7')"/>
    </testcase>
    <testcase time="0.012" classname="examples" name="example_template_events_patyear.Rd">
      <skipped message="Reason: On CRAN ('test-examples.R:124:7')"/>
    </testcase>
    <testcase time="0.0139999999999998" classname="examples" name="example_template_events_summary.Rd">
      <skipped message="Reason: On CRAN ('test-examples.R:124:7')"/>
    </testcase>
    <testcase time="0.012" classname="examples" name="example_template_exposure.Rd">
      <skipped message="Reason: On CRAN ('test-examples.R:124:7')"/>
    </testcase>
    <testcase time="0.0130000000000003" classname="examples" name="example_template_fit_mmrm.Rd">
      <skipped message="Reason: On CRAN ('test-examples.R:124:7')"/>
    </testcase>
    <testcase time="0.0129999999999999" classname="examples" name="example_template_forest_rsp.Rd">
      <skipped message="Reason: On CRAN ('test-examples.R:124:7')"/>
    </testcase>
    <testcase time="0.0169999999999999" classname="examples" name="example_template_forest_tte.Rd">
      <skipped message="Reason: On CRAN ('test-examples.R:124:7')"/>
    </testcase>
    <testcase time="0.0129999999999999" classname="examples" name="example_template_g_ci.Rd">
      <skipped message="Reason: On CRAN ('test-examples.R:124:7')"/>
    </testcase>
    <testcase time="0.0129999999999999" classname="examples" name="example_template_g_ipp.Rd">
      <skipped message="Reason: On CRAN ('test-examples.R:124:7')"/>
    </testcase>
    <testcase time="0.012" classname="examples" name="example_template_g_km.Rd">
      <skipped message="Reason: On CRAN ('test-examples.R:124:7')"/>
    </testcase>
    <testcase time="0.0130000000000003" classname="examples" name="example_template_g_lineplot.Rd">
      <skipped message="Reason: On CRAN ('test-examples.R:124:7')"/>
    </testcase>
    <testcase time="0.0129999999999999" classname="examples" name="example_template_laboratory.Rd">
      <skipped message="Reason: On CRAN ('test-examples.R:124:7')"/>
    </testcase>
    <testcase time="0.0129999999999999" classname="examples" name="example_template_logistic.Rd">
      <skipped message="Reason: On CRAN ('test-examples.R:124:7')"/>
    </testcase>
    <testcase time="0.0129999999999999" classname="examples" name="example_template_medical_history.Rd">
      <skipped message="Reason: On CRAN ('test-examples.R:124:7')"/>
    </testcase>
    <testcase time="0.0130000000000003" classname="examples" name="example_template_mult_events.Rd">
      <skipped message="Reason: On CRAN ('test-examples.R:124:7')"/>
    </testcase>
    <testcase time="0.0119999999999996" classname="examples" name="example_template_patient_timeline.Rd">
      <skipped message="Reason: On CRAN ('test-examples.R:124:7')"/>
    </testcase>
    <testcase time="0.0130000000000003" classname="examples" name="example_template_prior_medication.Rd">
      <skipped message="Reason: On CRAN ('test-examples.R:124:7')"/>
    </testcase>
    <testcase time="0.0169999999999999" classname="examples" name="example_template_shift_by_arm.Rd">
      <skipped message="Reason: On CRAN ('test-examples.R:124:7')"/>
    </testcase>
    <testcase time="0.0129999999999999" classname="examples" name="example_template_shift_by_arm_by_worst.Rd">
      <skipped message="Reason: On CRAN ('test-examples.R:124:7')"/>
    </testcase>
    <testcase time="0.0129999999999999" classname="examples" name="example_template_shift_by_grade.Rd">
      <skipped message="Reason: On CRAN ('test-examples.R:124:7')"/>
    </testcase>
    <testcase time="0.0130000000000003" classname="examples" name="example_template_smq.Rd">
      <skipped message="Reason: On CRAN ('test-examples.R:124:7')"/>
    </testcase>
    <testcase time="0.012" classname="examples" name="example_template_summary.Rd">
      <skipped message="Reason: On CRAN ('test-examples.R:124:7')"/>
    </testcase>
    <testcase time="0.0129999999999999" classname="examples" name="example_template_summary_by.Rd">
      <skipped message="Reason: On CRAN ('test-examples.R:124:7')"/>
    </testcase>
    <testcase time="0.0129999999999999" classname="examples" name="example_template_therapy.Rd">
      <skipped message="Reason: On CRAN ('test-examples.R:124:7')"/>
    </testcase>
    <testcase time="0.0129999999999999" classname="examples" name="example_template_tte.Rd">
      <skipped message="Reason: On CRAN ('test-examples.R:124:7')"/>
    </testcase>
    <testcase time="0.0140000000000002" classname="examples" name="example_template_vitals.Rd">
      <skipped message="Reason: On CRAN ('test-examples.R:124:7')"/>
    </testcase>
    <testcase time="0.0129999999999999" classname="examples" name="example_tm_a_gee.Rd">
      <skipped message="Reason: On CRAN ('test-examples.R:124:7')"/>
    </testcase>
    <testcase time="0.016" classname="examples" name="example_tm_a_mmrm.Rd">
      <skipped message="Reason: On CRAN ('test-examples.R:124:7')"/>
    </testcase>
    <testcase time="0.0129999999999999" classname="examples" name="example_tm_g_barchart_simple.Rd">
      <skipped message="Reason: On CRAN ('test-examples.R:124:7')"/>
    </testcase>
    <testcase time="0.0140000000000002" classname="examples" name="example_tm_g_ci.Rd">
      <skipped message="Reason: On CRAN ('test-examples.R:124:7')"/>
    </testcase>
    <testcase time="0.0129999999999999" classname="examples" name="example_tm_g_forest_rsp.Rd">
      <skipped message="Reason: On CRAN ('test-examples.R:124:7')"/>
    </testcase>
    <testcase time="0.0129999999999999" classname="examples" name="example_tm_g_forest_tte.Rd">
      <skipped message="Reason: On CRAN ('test-examples.R:124:7')"/>
    </testcase>
    <testcase time="0.0140000000000002" classname="examples" name="example_tm_g_ipp.Rd">
      <skipped message="Reason: On CRAN ('test-examples.R:124:7')"/>
    </testcase>
    <testcase time="0.0129999999999999" classname="examples" name="example_tm_g_km.Rd">
      <skipped message="Reason: On CRAN ('test-examples.R:124:7')"/>
    </testcase>
    <testcase time="0.0129999999999999" classname="examples" name="example_tm_g_lineplot.Rd">
      <skipped message="Reason: On CRAN ('test-examples.R:124:7')"/>
    </testcase>
    <testcase time="0.0129999999999999" classname="examples" name="example_tm_g_pp_adverse_events.Rd">
      <skipped message="Reason: On CRAN ('test-examples.R:124:7')"/>
    </testcase>
    <testcase time="0.0129999999999999" classname="examples" name="example_tm_g_pp_patient_timeline.Rd">
      <skipped message="Reason: On CRAN ('test-examples.R:124:7')"/>
    </testcase>
    <testcase time="0.0130000000000003" classname="examples" name="example_tm_g_pp_therapy.Rd">
      <skipped message="Reason: On CRAN ('test-examples.R:124:7')"/>
    </testcase>
    <testcase time="0.0169999999999999" classname="examples" name="example_tm_g_pp_vitals.Rd">
      <skipped message="Reason: On CRAN ('test-examples.R:124:7')"/>
    </testcase>
    <testcase time="0.0139999999999998" classname="examples" name="example_tm_t_abnormality.Rd">
      <skipped message="Reason: On CRAN ('test-examples.R:124:7')"/>
    </testcase>
    <testcase time="0.0130000000000003" classname="examples" name="example_tm_t_abnormality_by_worst_grade.Rd">
      <skipped message="Reason: On CRAN ('test-examples.R:124:7')"/>
    </testcase>
    <testcase time="0.0129999999999999" classname="examples" name="example_tm_t_ancova.Rd">
      <skipped message="Reason: On CRAN ('test-examples.R:124:7')"/>
    </testcase>
    <testcase time="0.0129999999999999" classname="examples" name="example_tm_t_binary_outcome.Rd">
      <skipped message="Reason: On CRAN ('test-examples.R:124:7')"/>
    </testcase>
    <testcase time="0.0129999999999999" classname="examples" name="example_tm_t_coxreg.Rd">
      <skipped message="Reason: On CRAN ('test-examples.R:124:7')"/>
    </testcase>
    <testcase time="0.012" classname="examples" name="example_tm_t_events.Rd">
      <skipped message="Reason: On CRAN ('test-examples.R:124:7')"/>
    </testcase>
    <testcase time="0.0129999999999999" classname="examples" name="example_tm_t_events_by_grade.Rd">
      <skipped message="Reason: On CRAN ('test-examples.R:124:7')"/>
    </testcase>
    <testcase time="0.0130000000000003" classname="examples" name="example_tm_t_events_patyear.Rd">
      <skipped message="Reason: On CRAN ('test-examples.R:124:7')"/>
    </testcase>
    <testcase time="0.0129999999999999" classname="examples" name="example_tm_t_events_summary.Rd">
      <skipped message="Reason: On CRAN ('test-examples.R:124:7')"/>
    </testcase>
    <testcase time="0.0129999999999999" classname="examples" name="example_tm_t_exposure.Rd">
      <skipped message="Reason: On CRAN ('test-examples.R:124:7')"/>
    </testcase>
    <testcase time="0.0169999999999999" classname="examples" name="example_tm_t_glm_counts.Rd">
      <skipped message="Reason: On CRAN ('test-examples.R:124:7')"/>
    </testcase>
    <testcase time="0.0130000000000003" classname="examples" name="example_tm_t_logistic.Rd">
      <skipped message="Reason: On CRAN ('test-examples.R:124:7')"/>
    </testcase>
    <testcase time="0.0129999999999999" classname="examples" name="example_tm_t_mult_events.Rd">
      <skipped message="Reason: On CRAN ('test-examples.R:124:7')"/>
    </testcase>
    <testcase time="0.0129999999999999" classname="examples" name="example_tm_t_pp_basic_info.Rd">
      <skipped message="Reason: On CRAN ('test-examples.R:124:7')"/>
    </testcase>
    <testcase time="0.0129999999999999" classname="examples" name="example_tm_t_pp_laboratory.Rd">
      <skipped message="Reason: On CRAN ('test-examples.R:124:7')"/>
    </testcase>
    <testcase time="0.0129999999999999" classname="examples" name="example_tm_t_pp_medical_history.Rd">
      <skipped message="Reason: On CRAN ('test-examples.R:124:7')"/>
    </testcase>
    <testcase time="0.0130000000000003" classname="examples" name="example_tm_t_pp_prior_medication.Rd">
      <skipped message="Reason: On CRAN ('test-examples.R:124:7')"/>
    </testcase>
    <testcase time="0.0129999999999999" classname="examples" name="example_tm_t_shift_by_arm.Rd">
      <skipped message="Reason: On CRAN ('test-examples.R:124:7')"/>
    </testcase>
    <testcase time="0.0129999999999999" classname="examples" name="example_tm_t_shift_by_arm_by_worst.Rd">
      <skipped message="Reason: On CRAN ('test-examples.R:124:7')"/>
    </testcase>
    <testcase time="0.0129999999999999" classname="examples" name="example_tm_t_shift_by_grade.Rd">
      <skipped message="Reason: On CRAN ('test-examples.R:124:7')"/>
    </testcase>
    <testcase time="0.0170000000000003" classname="examples" name="example_tm_t_smq.Rd">
      <skipped message="Reason: On CRAN ('test-examples.R:124:7')"/>
    </testcase>
    <testcase time="0.0129999999999999" classname="examples" name="example_tm_t_summary.Rd">
      <skipped message="Reason: On CRAN ('test-examples.R:124:7')"/>
    </testcase>
    <testcase time="0.0139999999999998" classname="examples" name="example_tm_t_summary_by.Rd">
      <skipped message="Reason: On CRAN ('test-examples.R:124:7')"/>
    </testcase>
    <testcase time="0.0130000000000003" classname="examples" name="example_tm_t_tte.Rd">
      <skipped message="Reason: On CRAN ('test-examples.R:124:7')"/>
    </testcase>
    <testcase time="0.0129999999999999" classname="examples" name="example_validate_arm.Rd">
      <skipped message="Reason: On CRAN ('test-examples.R:124:7')"/>
    </testcase>
    <testcase time="0.0129999999999999" classname="examples" name="example_validate_standard_inputs.Rd">
      <skipped message="Reason: On CRAN ('test-examples.R:124:7')"/>
    </testcase>
  </testsuite>
  <testsuite name="facet_grid_formula" timestamp="2025-09-24T13:16:29Z" hostname="a0c806848f65" tests="4" skipped="0" failures="0" errors="0" time="0.033">
    <testcase time="0.0249999999999999" classname="facet_grid_formula" name="facet_grid_formula_works"/>
    <testcase time="0.00300000000000011" classname="facet_grid_formula" name="facet_grid_formula_works"/>
    <testcase time="0.00300000000000011" classname="facet_grid_formula" name="facet_grid_formula_works"/>
    <testcase time="0.00199999999999978" classname="facet_grid_formula" name="facet_grid_formula_works"/>
  </testsuite>
  <testsuite name="shinytest2-tm_a_gee" timestamp="2025-09-24T13:16:30Z" hostname="a0c806848f65" tests="17" skipped="17" failures="0" errors="0" time="0.235">
    <testcase time="0.0169999999999999" classname="shinytest2_tm_a_gee" name="e2e_tm_a_gee_Module_initializes_in_teal_without_errors_and_produces_table_output.">
      <skipped message="Reason: chromium ('test-shinytest2-tm_a_gee.R:45:3')"/>
    </testcase>
    <testcase time="0.0130000000000003" classname="shinytest2_tm_a_gee" name="e2e_tm_a_gee_Starts_with_specified_label_id_var_arm_var_visit_var_paramcd_cov_var_conf_level_and_conf_struct.">
      <skipped message="Reason: chromium ('test-shinytest2-tm_a_gee.R:59:5')"/>
    </testcase>
    <testcase time="0.0179999999999998" classname="shinytest2_tm_a_gee" name="e2e_tm_a_gee_Selection_of_id_var_does_not_change_the_table_and_does_not_throw_validation_errors.">
      <skipped message="Reason: chromium ('test-shinytest2-tm_a_gee.R:114:5')"/>
    </testcase>
    <testcase time="0.0140000000000002" classname="shinytest2_tm_a_gee" name="e2e_tm_a_gee_Deselection_of_id_var_throws_validation_error.">
      <skipped message="Reason: chromium ('test-shinytest2-tm_a_gee.R:131:3')"/>
    </testcase>
    <testcase time="0.0129999999999999" classname="shinytest2_tm_a_gee" name="e2e_tm_a_gee_Change_in_arm_var_changes_the_table_and_does_not_throw_validation_errors.">
      <skipped message="Reason: chromium ('test-shinytest2-tm_a_gee.R:145:3')"/>
    </testcase>
    <testcase time="0.0129999999999999" classname="shinytest2_tm_a_gee" name="e2e_tm_a_gee_Deselection_of_arm_var_throws_validation_error.">
      <skipped message="Reason: chromium ('test-shinytest2-tm_a_gee.R:162:3')"/>
    </testcase>
    <testcase time="0.012" classname="shinytest2_tm_a_gee" name="e2e_tm_a_gee_Selection_of_visit_var_does_not_change_the_table_and_does_not_throw_validation_errors.">
      <skipped message="Reason: chromium ('test-shinytest2-tm_a_gee.R:178:5')"/>
    </testcase>
    <testcase time="0.0129999999999999" classname="shinytest2_tm_a_gee" name="e2e_tm_a_gee_Deselection_of_visit_var_throws_validation_error.">
      <skipped message="Reason: chromium ('test-shinytest2-tm_a_gee.R:195:3')"/>
    </testcase>
    <testcase time="0.0129999999999999" classname="shinytest2_tm_a_gee" name="e2e_tm_a_gee_Selection_of_paramcd_changes_the_table_and_does_not_throw_validation_errors.">
      <skipped message="Reason: chromium ('test-shinytest2-tm_a_gee.R:210:3')"/>
    </testcase>
    <testcase time="0.0130000000000003" classname="shinytest2_tm_a_gee" name="e2e_tm_a_gee_Deselection_of_paramcd_throws_validation_error.">
      <skipped message="Reason: chromium ('test-shinytest2-tm_a_gee.R:226:3')"/>
    </testcase>
    <testcase time="0.0129999999999999" classname="shinytest2_tm_a_gee" name="e2e_tm_a_gee_Selection_of_cov_var_changes_the_table_and_does_not_throw_validation_errors.">
      <skipped message="Reason: chromium ('test-shinytest2-tm_a_gee.R:240:3')"/>
    </testcase>
    <testcase time="0.0129999999999999" classname="shinytest2_tm_a_gee" name="e2e_tm_a_gee_Selection_of_conf_level_changes_the_table_and_does_not_throw_validation_errors.">
      <skipped message="Reason: chromium ('test-shinytest2-tm_a_gee.R:256:3')"/>
    </testcase>
    <testcase time="0.0129999999999999" classname="shinytest2_tm_a_gee" name="e2e_tm_a_gee_Selection_of_conf_level_out_of_0_1_range_throws_validation_error.">
      <skipped message="Reason: chromium ('test-shinytest2-tm_a_gee.R:272:3')"/>
    </testcase>
    <testcase time="0.0180000000000002" classname="shinytest2_tm_a_gee" name="e2e_tm_a_gee_Deselection_of_conf_level_throws_validation_error.">
      <skipped message="Reason: chromium ('test-shinytest2-tm_a_gee.R:287:3')"/>
    </testcase>
    <testcase time="0.0129999999999999" classname="shinytest2_tm_a_gee" name="e2e_tm_a_gee_Selection_of_cor_struct_changes_the_table_and_does_not_throw_validation_errors.">
      <skipped message="Reason: chromium ('test-shinytest2-tm_a_gee.R:301:3')"/>
    </testcase>
    <testcase time="0.0129999999999999" classname="shinytest2_tm_a_gee" name="e2e_tm_a_gee_Deselection_of_cor_struct_does_not_throw_validation_error.">
      <skipped message="Reason: chromium ('test-shinytest2-tm_a_gee.R:317:3')"/>
    </testcase>
    <testcase time="0.0129999999999999" classname="shinytest2_tm_a_gee" name="e2e_tm_a_gee_Selection_of_output_table_changes_the_table_and_doesn_t_throw_validation_error.">
      <skipped message="Reason: chromium ('test-shinytest2-tm_a_gee.R:326:3')"/>
    </testcase>
  </testsuite>
  <testsuite name="shinytest2-tm_a_mmrm" timestamp="2025-09-24T13:16:30Z" hostname="a0c806848f65" tests="48" skipped="48" failures="0" errors="0" time="0.634">
    <testcase time="0.0170000000000003" classname="shinytest2_tm_a_mmrm" name="e2e_tm_a_mmrm_Module_initializes_in_teal_without_errors_and_displays_a_message_to_click_Fit_Model_.">
      <skipped message="Reason: chromium ('test-shinytest2-tm_a_mmrm.R:82:5')"/>
    </testcase>
    <testcase time="0.0119999999999996" classname="shinytest2_tm_a_mmrm" name="e2e_tm_a_mmrm_Module_initializes_with_specified_label_aval_var_paramcd_visit_var_cov_var_arm_var_buckets_combine_comp_arms_id_var_cor_struct_weights_emmeans_conf_level_method_parallel_and_output_function.">
      <skipped message="Reason: chromium ('test-shinytest2-tm_a_mmrm.R:102:5')"/>
    </testcase>
    <testcase time="0.0129999999999999" classname="shinytest2_tm_a_mmrm" name="e2e_tm_a_mmrm_Click_on_fit_model_shows_table_for_default_selection.">
      <skipped message="Reason: chromium ('test-shinytest2-tm_a_mmrm.R:150:3')"/>
    </testcase>
    <testcase time="0.0130000000000008" classname="shinytest2_tm_a_mmrm" name="e2e_tm_a_mmrm_Function_t_mmrm_lsmeans_selection_shows_output_settings_changing_settings_throws_no_validation_errors_and_verify_visibility_of_generated_tables.">
      <skipped message="Reason: chromium ('test-shinytest2-tm_a_mmrm.R:167:5')"/>
    </testcase>
    <testcase time="0.0119999999999996" classname="shinytest2_tm_a_mmrm" name="e2e_tm_a_mmrm_Function_g_mmrm_lsmeans_selection_shows_output_settings_changing_settings_throws_no_validation_errors_and_verify_visibility_of_generated_plots.">
      <skipped message="Reason: chromium ('test-shinytest2-tm_a_mmrm.R:189:5')"/>
    </testcase>
    <testcase time="0.0129999999999999" classname="shinytest2_tm_a_mmrm" name="e2e_tm_a_mmrm_Function_g_mmrm_diagnostic_selection_shows_output_settings_changing_settings_throws_no_validation_errors_and_verify_visibility_of_generated_plots.">
      <skipped message="Reason: chromium ('test-shinytest2-tm_a_mmrm.R:232:5')"/>
    </testcase>
    <testcase time="0.0129999999999999" classname="shinytest2_tm_a_mmrm" name="e2e_tm_a_mmrm_Deselection_of_aval_var_throws_validation_error_in_method_t_mmrm_lsmeans.">
      <skipped message="Reason: chromium ('test-shinytest2-tm_a_mmrm.R:264:7')"/>
    </testcase>
    <testcase time="0.0170000000000003" classname="shinytest2_tm_a_mmrm" name="e2e_tm_a_mmrm_Deselection_paramcd_throws_validation_error_in_method_t_mmrm_lsmeans.">
      <skipped message="Reason: chromium ('test-shinytest2-tm_a_mmrm.R:300:7')"/>
    </testcase>
    <testcase time="0.0129999999999999" classname="shinytest2_tm_a_mmrm" name="e2e_tm_a_mmrm_Deselection_of_visit_var_throws_validation_error_in_method_t_mmrm_lsmeans.">
      <skipped message="Reason: chromium ('test-shinytest2-tm_a_mmrm.R:336:7')"/>
    </testcase>
    <testcase time="0.0119999999999996" classname="shinytest2_tm_a_mmrm" name="e2e_tm_a_mmrm_Deselection_of_arm_var_throws_validation_error_in_method_t_mmrm_lsmeans.">
      <skipped message="Reason: chromium ('test-shinytest2-tm_a_mmrm.R:372:7')"/>
    </testcase>
    <testcase time="0.0130000000000008" classname="shinytest2_tm_a_mmrm" name="e2e_tm_a_mmrm_Deselection_of_id_var_throws_validation_error_in_method_t_mmrm_lsmeans.">
      <skipped message="Reason: chromium ('test-shinytest2-tm_a_mmrm.R:408:7')"/>
    </testcase>
    <testcase time="0.0129999999999999" classname="shinytest2_tm_a_mmrm" name="e2e_tm_a_mmrm_Deselection_of_conf_level_throws_validation_error_in_method_t_mmrm_lsmeans.">
      <skipped message="Reason: chromium ('test-shinytest2-tm_a_mmrm.R:444:7')"/>
    </testcase>
    <testcase time="0.0129999999999999" classname="shinytest2_tm_a_mmrm" name="e2e_tm_a_mmrm_Deselection_of_aval_var_throws_validation_error_in_method_g_mmrm_lsmeans.">
      <skipped message="Reason: chromium ('test-shinytest2-tm_a_mmrm.R:264:7')"/>
    </testcase>
    <testcase time="0.0129999999999999" classname="shinytest2_tm_a_mmrm" name="e2e_tm_a_mmrm_Deselection_paramcd_throws_validation_error_in_method_g_mmrm_lsmeans.">
      <skipped message="Reason: chromium ('test-shinytest2-tm_a_mmrm.R:300:7')"/>
    </testcase>
    <testcase time="0.0129999999999999" classname="shinytest2_tm_a_mmrm" name="e2e_tm_a_mmrm_Deselection_of_visit_var_throws_validation_error_in_method_g_mmrm_lsmeans.">
      <skipped message="Reason: chromium ('test-shinytest2-tm_a_mmrm.R:336:7')"/>
    </testcase>
    <testcase time="0.0120000000000005" classname="shinytest2_tm_a_mmrm" name="e2e_tm_a_mmrm_Deselection_of_arm_var_throws_validation_error_in_method_g_mmrm_lsmeans.">
      <skipped message="Reason: chromium ('test-shinytest2-tm_a_mmrm.R:372:7')"/>
    </testcase>
    <testcase time="0.0129999999999999" classname="shinytest2_tm_a_mmrm" name="e2e_tm_a_mmrm_Deselection_of_id_var_throws_validation_error_in_method_g_mmrm_lsmeans.">
      <skipped message="Reason: chromium ('test-shinytest2-tm_a_mmrm.R:408:7')"/>
    </testcase>
    <testcase time="0.0129999999999999" classname="shinytest2_tm_a_mmrm" name="e2e_tm_a_mmrm_Deselection_of_conf_level_throws_validation_error_in_method_g_mmrm_lsmeans.">
      <skipped message="Reason: chromium ('test-shinytest2-tm_a_mmrm.R:444:7')"/>
    </testcase>
    <testcase time="0.0169999999999995" classname="shinytest2_tm_a_mmrm" name="e2e_tm_a_mmrm_Deselection_of_aval_var_throws_validation_error_in_method_t_mmrm_cov.">
      <skipped message="Reason: chromium ('test-shinytest2-tm_a_mmrm.R:264:7')"/>
    </testcase>
    <testcase time="0.0120000000000005" classname="shinytest2_tm_a_mmrm" name="e2e_tm_a_mmrm_Deselection_paramcd_throws_validation_error_in_method_t_mmrm_cov.">
      <skipped message="Reason: chromium ('test-shinytest2-tm_a_mmrm.R:300:7')"/>
    </testcase>
    <testcase time="0.0129999999999999" classname="shinytest2_tm_a_mmrm" name="e2e_tm_a_mmrm_Deselection_of_visit_var_throws_validation_error_in_method_t_mmrm_cov.">
      <skipped message="Reason: chromium ('test-shinytest2-tm_a_mmrm.R:336:7')"/>
    </testcase>
    <testcase time="0.0129999999999999" classname="shinytest2_tm_a_mmrm" name="e2e_tm_a_mmrm_Deselection_of_arm_var_throws_validation_error_in_method_t_mmrm_cov.">
      <skipped message="Reason: chromium ('test-shinytest2-tm_a_mmrm.R:372:7')"/>
    </testcase>
    <testcase time="0.0129999999999999" classname="shinytest2_tm_a_mmrm" name="e2e_tm_a_mmrm_Deselection_of_id_var_throws_validation_error_in_method_t_mmrm_cov.">
      <skipped message="Reason: chromium ('test-shinytest2-tm_a_mmrm.R:408:7')"/>
    </testcase>
    <testcase time="0.0129999999999999" classname="shinytest2_tm_a_mmrm" name="e2e_tm_a_mmrm_Deselection_of_conf_level_throws_validation_error_in_method_t_mmrm_cov.">
      <skipped message="Reason: chromium ('test-shinytest2-tm_a_mmrm.R:444:7')"/>
    </testcase>
    <testcase time="0.0129999999999999" classname="shinytest2_tm_a_mmrm" name="e2e_tm_a_mmrm_Deselection_of_aval_var_throws_validation_error_in_method_t_mmrm_fixed.">
      <skipped message="Reason: chromium ('test-shinytest2-tm_a_mmrm.R:264:7')"/>
    </testcase>
    <testcase time="0.0120000000000005" classname="shinytest2_tm_a_mmrm" name="e2e_tm_a_mmrm_Deselection_paramcd_throws_validation_error_in_method_t_mmrm_fixed.">
      <skipped message="Reason: chromium ('test-shinytest2-tm_a_mmrm.R:300:7')"/>
    </testcase>
    <testcase time="0.0129999999999999" classname="shinytest2_tm_a_mmrm" name="e2e_tm_a_mmrm_Deselection_of_visit_var_throws_validation_error_in_method_t_mmrm_fixed.">
      <skipped message="Reason: chromium ('test-shinytest2-tm_a_mmrm.R:336:7')"/>
    </testcase>
    <testcase time="0.0129999999999999" classname="shinytest2_tm_a_mmrm" name="e2e_tm_a_mmrm_Deselection_of_arm_var_throws_validation_error_in_method_t_mmrm_fixed.">
      <skipped message="Reason: chromium ('test-shinytest2-tm_a_mmrm.R:372:7')"/>
    </testcase>
    <testcase time="0.0120000000000005" classname="shinytest2_tm_a_mmrm" name="e2e_tm_a_mmrm_Deselection_of_id_var_throws_validation_error_in_method_t_mmrm_fixed.">
      <skipped message="Reason: chromium ('test-shinytest2-tm_a_mmrm.R:408:7')"/>
    </testcase>
    <testcase time="0.0169999999999995" classname="shinytest2_tm_a_mmrm" name="e2e_tm_a_mmrm_Deselection_of_conf_level_throws_validation_error_in_method_t_mmrm_fixed.">
      <skipped message="Reason: chromium ('test-shinytest2-tm_a_mmrm.R:444:7')"/>
    </testcase>
    <testcase time="0.0129999999999999" classname="shinytest2_tm_a_mmrm" name="e2e_tm_a_mmrm_Deselection_of_aval_var_throws_validation_error_in_method_t_mmrm_diagnostic.">
      <skipped message="Reason: chromium ('test-shinytest2-tm_a_mmrm.R:264:7')"/>
    </testcase>
    <testcase time="0.0129999999999999" classname="shinytest2_tm_a_mmrm" name="e2e_tm_a_mmrm_Deselection_paramcd_throws_validation_error_in_method_t_mmrm_diagnostic.">
      <skipped message="Reason: chromium ('test-shinytest2-tm_a_mmrm.R:300:7')"/>
    </testcase>
    <testcase time="0.0130000000000008" classname="shinytest2_tm_a_mmrm" name="e2e_tm_a_mmrm_Deselection_of_visit_var_throws_validation_error_in_method_t_mmrm_diagnostic.">
      <skipped message="Reason: chromium ('test-shinytest2-tm_a_mmrm.R:336:7')"/>
    </testcase>
    <testcase time="0.0119999999999996" classname="shinytest2_tm_a_mmrm" name="e2e_tm_a_mmrm_Deselection_of_arm_var_throws_validation_error_in_method_t_mmrm_diagnostic.">
      <skipped message="Reason: chromium ('test-shinytest2-tm_a_mmrm.R:372:7')"/>
    </testcase>
    <testcase time="0.0129999999999999" classname="shinytest2_tm_a_mmrm" name="e2e_tm_a_mmrm_Deselection_of_id_var_throws_validation_error_in_method_t_mmrm_diagnostic.">
      <skipped message="Reason: chromium ('test-shinytest2-tm_a_mmrm.R:408:7')"/>
    </testcase>
    <testcase time="0.0129999999999999" classname="shinytest2_tm_a_mmrm" name="e2e_tm_a_mmrm_Deselection_of_conf_level_throws_validation_error_in_method_t_mmrm_diagnostic.">
      <skipped message="Reason: chromium ('test-shinytest2-tm_a_mmrm.R:444:7')"/>
    </testcase>
    <testcase time="0.0120000000000005" classname="shinytest2_tm_a_mmrm" name="e2e_tm_a_mmrm_Deselection_of_aval_var_throws_validation_error_in_method_g_mmrm_diagnostic.">
      <skipped message="Reason: chromium ('test-shinytest2-tm_a_mmrm.R:264:7')"/>
    </testcase>
    <testcase time="0.0129999999999999" classname="shinytest2_tm_a_mmrm" name="e2e_tm_a_mmrm_Deselection_paramcd_throws_validation_error_in_method_g_mmrm_diagnostic.">
      <skipped message="Reason: chromium ('test-shinytest2-tm_a_mmrm.R:300:7')"/>
    </testcase>
    <testcase time="0.0129999999999999" classname="shinytest2_tm_a_mmrm" name="e2e_tm_a_mmrm_Deselection_of_visit_var_throws_validation_error_in_method_g_mmrm_diagnostic.">
      <skipped message="Reason: chromium ('test-shinytest2-tm_a_mmrm.R:336:7')"/>
    </testcase>
    <testcase time="0.0129999999999999" classname="shinytest2_tm_a_mmrm" name="e2e_tm_a_mmrm_Deselection_of_arm_var_throws_validation_error_in_method_g_mmrm_diagnostic.">
      <skipped message="Reason: chromium ('test-shinytest2-tm_a_mmrm.R:372:7')"/>
    </testcase>
    <testcase time="0.0170000000000003" classname="shinytest2_tm_a_mmrm" name="e2e_tm_a_mmrm_Deselection_of_id_var_throws_validation_error_in_method_g_mmrm_diagnostic.">
      <skipped message="Reason: chromium ('test-shinytest2-tm_a_mmrm.R:408:7')"/>
    </testcase>
    <testcase time="0.0129999999999999" classname="shinytest2_tm_a_mmrm" name="e2e_tm_a_mmrm_Deselection_of_conf_level_throws_validation_error_in_method_g_mmrm_diagnostic.">
      <skipped message="Reason: chromium ('test-shinytest2-tm_a_mmrm.R:444:7')"/>
    </testcase>
    <testcase time="0.0129999999999999" classname="shinytest2_tm_a_mmrm" name="e2e_tm_a_mmrm_Validate_output_on_different_selection_on_method_t_mmrm_lsmeans.">
      <skipped message="Reason: chromium ('test-shinytest2-tm_a_mmrm.R:512:7')"/>
    </testcase>
    <testcase time="0.0129999999999999" classname="shinytest2_tm_a_mmrm" name="e2e_tm_a_mmrm_Validate_output_on_different_selection_on_method_g_mmrm_lsmeans.">
      <skipped message="Reason: chromium ('test-shinytest2-tm_a_mmrm.R:512:7')"/>
    </testcase>
    <testcase time="0.0120000000000005" classname="shinytest2_tm_a_mmrm" name="e2e_tm_a_mmrm_Validate_output_on_different_selection_on_method_t_mmrm_cov.">
      <skipped message="Reason: chromium ('test-shinytest2-tm_a_mmrm.R:512:7')"/>
    </testcase>
    <testcase time="0.0129999999999999" classname="shinytest2_tm_a_mmrm" name="e2e_tm_a_mmrm_Validate_output_on_different_selection_on_method_t_mmrm_fixed.">
      <skipped message="Reason: chromium ('test-shinytest2-tm_a_mmrm.R:512:7')"/>
    </testcase>
    <testcase time="0.0129999999999999" classname="shinytest2_tm_a_mmrm" name="e2e_tm_a_mmrm_Validate_output_on_different_selection_on_method_t_mmrm_diagnostic.">
      <skipped message="Reason: chromium ('test-shinytest2-tm_a_mmrm.R:512:7')"/>
    </testcase>
    <testcase time="0.0129999999999999" classname="shinytest2_tm_a_mmrm" name="e2e_tm_a_mmrm_Validate_output_on_different_selection_on_method_g_mmrm_diagnostic.">
      <skipped message="Reason: chromium ('test-shinytest2-tm_a_mmrm.R:512:7')"/>
    </testcase>
  </testsuite>
  <testsuite name="shinytest2-tm_g_barchart_simple" timestamp="2025-09-24T13:16:30Z" hostname="a0c806848f65" tests="23" skipped="23" failures="0" errors="0" time="0.319">
    <testcase time="0.016" classname="shinytest2_tm_g_barchart_simple" name="e2e_tm_g_barchart_simple_Module_initializes_in_teal_without_errors_and_produces_output.">
      <skipped message="Reason: chromium ('test-shinytest2-tm_g_barchart_simple.R:115:3')"/>
    </testcase>
    <testcase time="0.0129999999999999" classname="shinytest2_tm_g_barchart_simple" name="e2e_tm_g_barchart_simple_Starts_with_specified_label_id_var_arm_var_visit_var_paramcd_cov_var_conf_level_and_conf_struct.">
      <skipped message="Reason: chromium ('test-shinytest2-tm_g_barchart_simple.R:134:5')"/>
    </testcase>
    <testcase time="0.0170000000000003" classname="shinytest2_tm_g_barchart_simple" name="e2e_tm_g_barchart_simple_Selection_of_x_changes_the_element_and_does_not_throw_validation_errors.">
      <skipped message="Reason: chromium ('test-shinytest2-tm_g_barchart_simple.R:195:5')"/>
    </testcase>
    <testcase time="0.0129999999999999" classname="shinytest2_tm_g_barchart_simple" name="e2e_tm_g_barchart_simple_Deselection_of_x_throws_validation_error.">
      <skipped message="Reason: chromium ('test-shinytest2-tm_g_barchart_simple.R:207:3')"/>
    </testcase>
    <testcase time="0.0119999999999996" classname="shinytest2_tm_g_barchart_simple" name="e2e_tm_g_barchart_simple_Selection_of_fill_dataset_changes_the_element_and_does_not_throw_validation_errors.">
      <skipped message="Reason: chromium ('test-shinytest2-tm_g_barchart_simple.R:233:7')"/>
    </testcase>
    <testcase time="0.0129999999999999" classname="shinytest2_tm_g_barchart_simple" name="e2e_tm_g_barchart_simple_Deselection_of_fill_dataset_changes_the_element_and_does_not_throw_validation_errors.">
      <skipped message="Reason: chromium ('test-shinytest2-tm_g_barchart_simple.R:257:7')"/>
    </testcase>
    <testcase time="0.0250000000000004" classname="shinytest2_tm_g_barchart_simple" name="e2e_tm_g_barchart_simple_Selection_of_x_facet_dataset_changes_the_element_and_does_not_throw_validation_errors.">
      <skipped message="Reason: chromium ('test-shinytest2-tm_g_barchart_simple.R:233:7')"/>
    </testcase>
    <testcase time="0.0129999999999999" classname="shinytest2_tm_g_barchart_simple" name="e2e_tm_g_barchart_simple_Deselection_of_x_facet_dataset_changes_the_element_and_does_not_throw_validation_errors.">
      <skipped message="Reason: chromium ('test-shinytest2-tm_g_barchart_simple.R:257:7')"/>
    </testcase>
    <testcase time="0.0129999999999999" classname="shinytest2_tm_g_barchart_simple" name="e2e_tm_g_barchart_simple_Selection_of_y_facet_dataset_changes_the_element_and_does_not_throw_validation_errors.">
      <skipped message="Reason: chromium ('test-shinytest2-tm_g_barchart_simple.R:233:7')"/>
    </testcase>
    <testcase time="0.0120000000000005" classname="shinytest2_tm_g_barchart_simple" name="e2e_tm_g_barchart_simple_Deselection_of_y_facet_dataset_changes_the_element_and_does_not_throw_validation_errors.">
      <skipped message="Reason: chromium ('test-shinytest2-tm_g_barchart_simple.R:257:7')"/>
    </testcase>
    <testcase time="0.0129999999999999" classname="shinytest2_tm_g_barchart_simple" name="e2e_tm_g_barchart_simple_Duplicate_between_x_and_fill_selection_throws_validation_error.">
      <skipped message="Reason: chromium ('test-shinytest2-tm_g_barchart_simple.R:283:7')"/>
    </testcase>
    <testcase time="0.0129999999999999" classname="shinytest2_tm_g_barchart_simple" name="e2e_tm_g_barchart_simple_Duplicate_between_x_and_x_facet_selection_throws_validation_error.">
      <skipped message="Reason: chromium ('test-shinytest2-tm_g_barchart_simple.R:283:7')"/>
    </testcase>
    <testcase time="0.0179999999999998" classname="shinytest2_tm_g_barchart_simple" name="e2e_tm_g_barchart_simple_Duplicate_between_x_and_y_facet_selection_throws_validation_error.">
      <skipped message="Reason: chromium ('test-shinytest2-tm_g_barchart_simple.R:283:7')"/>
    </testcase>
    <testcase time="0.0129999999999999" classname="shinytest2_tm_g_barchart_simple" name="e2e_tm_g_barchart_simple_Changing_barlayout_changes_the_plot_and_does_not_throw_validation_errors.">
      <skipped message="Reason: chromium ('test-shinytest2-tm_g_barchart_simple.R:325:7')"/>
    </testcase>
    <testcase time="0.0129999999999999" classname="shinytest2_tm_g_barchart_simple" name="e2e_tm_g_barchart_simple_Changing_expand_y_range_changes_the_plot_and_does_not_throw_validation_errors.">
      <skipped message="Reason: chromium ('test-shinytest2-tm_g_barchart_simple.R:325:7')"/>
    </testcase>
    <testcase time="0.0129999999999999" classname="shinytest2_tm_g_barchart_simple" name="e2e_tm_g_barchart_simple_Changing_facet_scale_x_changes_the_plot_and_does_not_throw_validation_errors.">
      <skipped message="Reason: chromium ('test-shinytest2-tm_g_barchart_simple.R:325:7')"/>
    </testcase>
    <testcase time="0.0120000000000005" classname="shinytest2_tm_g_barchart_simple" name="e2e_tm_g_barchart_simple_Changing_facet_scale_y_changes_the_plot_and_does_not_throw_validation_errors.">
      <skipped message="Reason: chromium ('test-shinytest2-tm_g_barchart_simple.R:325:7')"/>
    </testcase>
    <testcase time="0.0129999999999999" classname="shinytest2_tm_g_barchart_simple" name="e2e_tm_g_barchart_simple_Changing_label_bars_changes_the_plot_and_does_not_throw_validation_errors.">
      <skipped message="Reason: chromium ('test-shinytest2-tm_g_barchart_simple.R:325:7')"/>
    </testcase>
    <testcase time="0.0129999999999999" classname="shinytest2_tm_g_barchart_simple" name="e2e_tm_g_barchart_simple_Changing_rotate_x_label_changes_the_plot_and_does_not_throw_validation_errors.">
      <skipped message="Reason: chromium ('test-shinytest2-tm_g_barchart_simple.R:325:7')"/>
    </testcase>
    <testcase time="0.0129999999999999" classname="shinytest2_tm_g_barchart_simple" name="e2e_tm_g_barchart_simple_Changing_rotate_y_label_changes_the_plot_and_does_not_throw_validation_errors.">
      <skipped message="Reason: chromium ('test-shinytest2-tm_g_barchart_simple.R:325:7')"/>
    </testcase>
    <testcase time="0.0129999999999999" classname="shinytest2_tm_g_barchart_simple" name="e2e_tm_g_barchart_simple_Changing_flip_axis_changes_the_plot_and_does_not_throw_validation_errors.">
      <skipped message="Reason: chromium ('test-shinytest2-tm_g_barchart_simple.R:325:7')"/>
    </testcase>
    <testcase time="0.0129999999999999" classname="shinytest2_tm_g_barchart_simple" name="e2e_tm_g_barchart_simple_Changing_show_n_changes_the_plot_and_does_not_throw_validation_errors.">
      <skipped message="Reason: chromium ('test-shinytest2-tm_g_barchart_simple.R:325:7')"/>
    </testcase>
    <testcase time="0.0120000000000005" classname="shinytest2_tm_g_barchart_simple" name="e2e_tm_g_barchart_simple_Changing_rotate_bar_labels_changes_the_plot_and_does_not_throw_validation_errors.">
      <skipped message="Reason: chromium ('test-shinytest2-tm_g_barchart_simple.R:325:7')"/>
    </testcase>
  </testsuite>
  <testsuite name="shinytest2-tm_g_ci" timestamp="2025-09-24T13:16:31Z" hostname="a0c806848f65" tests="14" skipped="14" failures="0" errors="0" time="0.193">
    <testcase time="0.0199999999999996" classname="shinytest2_tm_g_ci" name="e2e_tm_g_ci_Module_initializes_in_teal_without_errors_and_produces_plot_output.">
      <skipped message="Reason: chromium ('test-shinytest2-tm_g_ci.R:75:3')"/>
    </testcase>
    <testcase time="0.0130000000000008" classname="shinytest2_tm_g_ci" name="e2e_tm_g_ci_Module_initializes_with_specified_label_x_var_y_var_ADLB_filters_color_conf_level_and_stat.">
      <skipped message="Reason: chromium ('test-shinytest2-tm_g_ci.R:87:5')"/>
    </testcase>
    <testcase time="0.0129999999999999" classname="shinytest2_tm_g_ci" name="e2e_tm_g_ci_Selecting_x_var_column_changes_plot_and_doesn_t_throw_validation_errors.">
      <skipped message="Reason: chromium ('test-shinytest2-tm_g_ci.R:143:3')"/>
    </testcase>
    <testcase time="0.0129999999999999" classname="shinytest2_tm_g_ci" name="e2e_tm_g_ci_Deselecting_x_var_column_throws_validation_error.">
      <skipped message="Reason: chromium ('test-shinytest2-tm_g_ci.R:159:3')"/>
    </testcase>
    <testcase time="0.0129999999999999" classname="shinytest2_tm_g_ci" name="e2e_tm_g_ci_Selecting_y_var_column_changes_plot_and_doesn_t_throw_validation_errors.">
      <skipped message="Reason: chromium ('test-shinytest2-tm_g_ci.R:173:3')"/>
    </testcase>
    <testcase time="0.0119999999999996" classname="shinytest2_tm_g_ci" name="e2e_tm_g_ci_Deselecting_y_var_column_throws_validation_error.">
      <skipped message="Reason: chromium ('test-shinytest2-tm_g_ci.R:189:3')"/>
    </testcase>
    <testcase time="0.0129999999999999" classname="shinytest2_tm_g_ci" name="e2e_tm_g_ci_Selecting_PARAMCD_filter_value_changes_plot_and_doesn_t_throw_validation_errors.">
      <skipped message="Reason: chromium ('test-shinytest2-tm_g_ci.R:205:5')"/>
    </testcase>
    <testcase time="0.0130000000000008" classname="shinytest2_tm_g_ci" name="e2e_tm_g_ci_Deselecting_PARAMCD_filter_value_throws_validation_error.">
      <skipped message="Reason: chromium ('test-shinytest2-tm_g_ci.R:222:3')"/>
    </testcase>
    <testcase time="0.0129999999999999" classname="shinytest2_tm_g_ci" name="e2e_tm_g_ci_Selecting_AVISIT_filter_value_doesn_t_throw_validation_errors.">
      <skipped message="Reason: chromium ('test-shinytest2-tm_g_ci.R:236:3')"/>
    </testcase>
    <testcase time="0.0119999999999996" classname="shinytest2_tm_g_ci" name="e2e_tm_g_ci_Deselecting_AVISIT_filter_value_throws_validation_error.">
      <skipped message="Reason: chromium ('test-shinytest2-tm_g_ci.R:247:3')"/>
    </testcase>
    <testcase time="0.0190000000000001" classname="shinytest2_tm_g_ci" name="e2e_tm_g_ci_Selecting_color_column_changes_plot_output_and_doesn_t_throw_validation_errors.">
      <skipped message="Reason: chromium ('test-shinytest2-tm_g_ci.R:261:3')"/>
    </testcase>
    <testcase time="0.0129999999999999" classname="shinytest2_tm_g_ci" name="e2e_tm_g_ci_Deselecting_color_column_changes_plot_output_and_doesn_t_throw_validation_error.">
      <skipped message="Reason: chromium ('test-shinytest2-tm_g_ci.R:272:3')"/>
    </testcase>
    <testcase time="0.0129999999999999" classname="shinytest2_tm_g_ci" name="e2e_tm_g_ci_Selecting_confidence_interval_value_changes_plot_and_doesn_t_throw_any_errors.">
      <skipped message="Reason: chromium ('test-shinytest2-tm_g_ci.R:283:3')"/>
    </testcase>
    <testcase time="0.0129999999999999" classname="shinytest2_tm_g_ci" name="e2e_tm_g_ci_Selecting_statistic_to_use_changes_a_plot_and_doesn_t_throw_any_errors.">
      <skipped message="Reason: chromium ('test-shinytest2-tm_g_ci.R:295:3')"/>
    </testcase>
  </testsuite>
  <testsuite name="shinytest2-tm_g_forest_rsp" timestamp="2025-09-24T13:16:31Z" hostname="a0c806848f65" tests="18" skipped="18" failures="0" errors="0" time="0.267">
    <testcase time="0.016" classname="shinytest2_tm_g_forest_rsp" name="e2e_tm_g_forest_rsp_Module_initializes_in_teal_without_errors_and_produces_plot_output.">
      <skipped message="Reason: chromium ('test-shinytest2-tm_g_forest_rsp.R:88:3')"/>
    </testcase>
    <testcase time="0.0120000000000005" classname="shinytest2_tm_g_forest_rsp" name="e2e_tm_g_forest_rsp_Module_initializes_with_specified_label_arm_var_paramcd_aval_var_responders_subgroup_var_strata_var_conf_level_fixed_symbol_size_rel_width_forest_font_size.">
      <skipped message="Reason: chromium ('test-shinytest2-tm_g_forest_rsp.R:104:5')"/>
    </testcase>
    <testcase time="0.0129999999999999" classname="shinytest2_tm_g_forest_rsp" name="e2e_tm_g_forest_rsp_Selecting_arm_var_changes_plot_and_doesn_t_throw_validation_errors.">
      <skipped message="Reason: chromium ('test-shinytest2-tm_g_forest_rsp.R:161:3')"/>
    </testcase>
    <testcase time="0.0129999999999999" classname="shinytest2_tm_g_forest_rsp" name="e2e_tm_g_forest_rsp_Deselecting_arm_var_throws_validation_error.">
      <skipped message="Reason: chromium ('test-shinytest2-tm_g_forest_rsp.R:172:3')"/>
    </testcase>
    <testcase time="0.0129999999999999" classname="shinytest2_tm_g_forest_rsp" name="e2e_tm_g_forest_rsp_Selecting_paramcd_changes_plot_and_doesn_t_throw_validation_errors.">
      <skipped message="Reason: chromium ('test-shinytest2-tm_g_forest_rsp.R:185:3')"/>
    </testcase>
    <testcase time="0.0120000000000005" classname="shinytest2_tm_g_forest_rsp" name="e2e_tm_g_forest_rsp_Deselecting_paramcd_throws_validation_error.">
      <skipped message="Reason: chromium ('test-shinytest2-tm_g_forest_rsp.R:196:3')"/>
    </testcase>
    <testcase time="0.0129999999999999" classname="shinytest2_tm_g_forest_rsp" name="e2e_tm_g_forest_rsp_Selecting_responders_changes_plot_and_doesn_t_throw_validation_errors.">
      <skipped message="Reason: chromium ('test-shinytest2-tm_g_forest_rsp.R:209:3')"/>
    </testcase>
    <testcase time="0.0469999999999997" classname="shinytest2_tm_g_forest_rsp" name="e2e_tm_g_forest_rsp_Deselecting_responders_throws_validation_error.">
      <skipped message="Reason: chromium ('test-shinytest2-tm_g_forest_rsp.R:220:3')"/>
    </testcase>
    <testcase time="0.0129999999999999" classname="shinytest2_tm_g_forest_rsp" name="e2e_tm_g_forest_rsp_Selecting_subgroup_var_changes_plot_and_doesn_t_throw_validation_errors.">
      <skipped message="Reason: chromium ('test-shinytest2-tm_g_forest_rsp.R:233:3')"/>
    </testcase>
    <testcase time="0.0129999999999999" classname="shinytest2_tm_g_forest_rsp" name="e2e_tm_g_forest_rsp_Selecting_a_non_factors_column_in_subgroup_var_throws_validation_error.">
      <skipped message="Reason: chromium ('test-shinytest2-tm_g_forest_rsp.R:244:3')"/>
    </testcase>
    <testcase time="0.0129999999999999" classname="shinytest2_tm_g_forest_rsp" name="e2e_tm_g_forest_rsp_Deselecting_subgroup_var_changes_plot_and_doesn_t_throw_validation_errors.">
      <skipped message="Reason: chromium ('test-shinytest2-tm_g_forest_rsp.R:257:3')"/>
    </testcase>
    <testcase time="0.0120000000000005" classname="shinytest2_tm_g_forest_rsp" name="e2e_tm_g_forest_rsp_Selecting_strata_var_changes_plot_and_doesn_t_throw_validation_errors.">
      <skipped message="Reason: chromium ('test-shinytest2-tm_g_forest_rsp.R:268:3')"/>
    </testcase>
    <testcase time="0.0129999999999999" classname="shinytest2_tm_g_forest_rsp" name="e2e_tm_g_forest_rsp_Deselecting_strata_var_changes_plot_and_doesn_t_throw_validation_errors.">
      <skipped message="Reason: chromium ('test-shinytest2-tm_g_forest_rsp.R:279:3')"/>
    </testcase>
    <testcase time="0.0129999999999999" classname="shinytest2_tm_g_forest_rsp" name="e2e_tm_g_forest_rsp_Selecting_conf_level_changes_plot_and_doesn_t_throw_validation_errors.">
      <skipped message="Reason: chromium ('test-shinytest2-tm_g_forest_rsp.R:290:3')"/>
    </testcase>
    <testcase time="0.0120000000000005" classname="shinytest2_tm_g_forest_rsp" name="e2e_tm_g_forest_rsp_Deselecting_conf_level_or_selecting_outside_the_range_of_0_1_throws_validation_error.">
      <skipped message="Reason: chromium ('test-shinytest2-tm_g_forest_rsp.R:301:3')"/>
    </testcase>
    <testcase time="0.0129999999999999" classname="shinytest2_tm_g_forest_rsp" name="e2e_tm_g_forest_rsp_Unsetting_fixed_symbol_size_changes_plot_and_doesn_t_throw_validation_errors.">
      <skipped message="Reason: chromium ('test-shinytest2-tm_g_forest_rsp.R:320:3')"/>
    </testcase>
    <testcase time="0.0129999999999999" classname="shinytest2_tm_g_forest_rsp" name="e2e_tm_g_forest_rsp_Changing_rel_width_forest_changes_plot_and_doesn_t_throw_validation_errors.">
      <skipped message="Reason: chromium ('test-shinytest2-tm_g_forest_rsp.R:331:3')"/>
    </testcase>
    <testcase time="0.0129999999999999" classname="shinytest2_tm_g_forest_rsp" name="e2e_tm_g_forest_rsp_Changing_font_size_changes_plot_and_doesn_t_throw_validation_errors.">
      <skipped message="Reason: chromium ('test-shinytest2-tm_g_forest_rsp.R:342:3')"/>
    </testcase>
  </testsuite>
  <testsuite name="shinytest2-tm_g_forest_tte" timestamp="2025-09-24T13:16:31Z" hostname="a0c806848f65" tests="7" skipped="7" failures="0" errors="0" time="0.096">
    <testcase time="0.0209999999999999" classname="shinytest2_tm_g_forest_tte" name="e2e_tm_g_forest_tte_Module_initializes_in_teal_without_errors_and_produces_output.">
      <skipped message="Reason: chromium ('test-shinytest2-tm_g_forest_tte.R:77:3')"/>
    </testcase>
    <testcase time="0.0120000000000005" classname="shinytest2_tm_g_forest_tte" name="e2e_tm_g_forest_tte_Starts_with_specified_label_paramcd_arm_var_buckets_paramcd_subgroup_var_strata_var_and_plot_settings.">
      <skipped message="Reason: chromium ('test-shinytest2-tm_g_forest_tte.R:93:5')"/>
    </testcase>
    <testcase time="0.0120000000000005" classname="shinytest2_tm_g_forest_tte" name="e2e_tm_g_forest_tte_Selection_of_paramcd_changes_the_element_and_does_not_throw_validation_errors.">
      <skipped message="Reason: chromium ('test-shinytest2-tm_g_forest_tte.R:152:5')"/>
    </testcase>
    <testcase time="0.0129999999999999" classname="shinytest2_tm_g_forest_tte" name="e2e_tm_g_forest_tte_Deselection_of_paramcd_filter_throws_validation_error.">
      <skipped message="Reason: chromium ('test-shinytest2-tm_g_forest_tte.R:164:3')"/>
    </testcase>
    <testcase time="0.0129999999999999" classname="shinytest2_tm_g_forest_tte" name="e2e_tm_g_forest_tte_Selection_of_arm_var_changes_the_element_and_does_not_throw_validation_errors.">
      <skipped message="Reason: chromium ('test-shinytest2-tm_g_forest_tte.R:185:5')"/>
    </testcase>
    <testcase time="0.0119999999999996" classname="shinytest2_tm_g_forest_tte" name="e2e_tm_g_forest_tte_Deselection_of_paramcd_var_throws_validation_error.">
      <skipped message="Reason: chromium ('test-shinytest2-tm_g_forest_tte.R:197:3')"/>
    </testcase>
    <testcase time="0.0129999999999999" classname="shinytest2_tm_g_forest_tte" name="e2e_tm_g_forest_tte_Selecting_conf_level_does_not_throw_validation_errors_and_changes_a_plot.">
      <skipped message="Reason: chromium ('test-shinytest2-tm_g_forest_tte.R:218:5')"/>
    </testcase>
  </testsuite>
  <testsuite name="shinytest2-tm_g_ipp" timestamp="2025-09-24T13:16:31Z" hostname="a0c806848f65" tests="14" skipped="14" failures="0" errors="0" time="0.187">
    <testcase time="0.016" classname="shinytest2_tm_g_ipp" name="e2e_tm_g_ipp_Module_initializes_in_teal_without_errors_and_produces_plot_output.">
      <skipped message="Reason: chromium ('test-shinytest2-tm_g_ipp.R:66:3')"/>
    </testcase>
    <testcase time="0.0130000000000008" classname="shinytest2_tm_g_ipp" name="e2e_tm_g_ipp_Starts_with_specified_label_parentname_arm_var_paramcd_id_var_visit_var_aval_var_avalu_var_baseline_var_add_baseline_hline_separate_by_obs_suppress_legend_add_avalu.">
      <skipped message="Reason: chromium ('test-shinytest2-tm_g_ipp.R:83:5')"/>
    </testcase>
    <testcase time="0.0119999999999996" classname="shinytest2_tm_g_ipp" name="e2e_tm_g_ipp_Selecting_arm_var_changes_plot_and_doesn_t_throw_validation_errors.">
      <skipped message="Reason: chromium ('test-shinytest2-tm_g_ipp.R:135:3')"/>
    </testcase>
    <testcase time="0.0129999999999999" classname="shinytest2_tm_g_ipp" name="e2e_tm_g_ipp_Deselecting_arm_var_column_throws_validation_error.">
      <skipped message="Reason: chromium ('test-shinytest2-tm_g_ipp.R:151:3')"/>
    </testcase>
    <testcase time="0.0170000000000003" classname="shinytest2_tm_g_ipp" name="e2e_tm_g_ipp_Selecting_paramcd_changes_plot_and_doesn_t_throw_validation_errors.">
      <skipped message="Reason: chromium ('test-shinytest2-tm_g_ipp.R:165:3')"/>
    </testcase>
    <testcase time="0.0129999999999999" classname="shinytest2_tm_g_ipp" name="e2e_tm_g_ipp_Deselecting_paramcd_throws_validation_error.">
      <skipped message="Reason: chromium ('test-shinytest2-tm_g_ipp.R:181:3')"/>
    </testcase>
    <testcase time="0.0129999999999999" classname="shinytest2_tm_g_ipp" name="e2e_tm_g_ipp_Selecting_visit_var_changes_plot_and_doesn_t_throw_validation_errors.">
      <skipped message="Reason: chromium ('test-shinytest2-tm_g_ipp.R:195:3')"/>
    </testcase>
    <testcase time="0.0129999999999999" classname="shinytest2_tm_g_ipp" name="e2e_tm_g_ipp_Deselecting_visit_var_throws_validation_error.">
      <skipped message="Reason: chromium ('test-shinytest2-tm_g_ipp.R:211:3')"/>
    </testcase>
    <testcase time="0.0129999999999999" classname="shinytest2_tm_g_ipp" name="e2e_tm_g_ipp_Selecting_aval_var_changes_plot_and_doesn_t_throw_validation_errors.">
      <skipped message="Reason: chromium ('test-shinytest2-tm_g_ipp.R:225:3')"/>
    </testcase>
    <testcase time="0.0129999999999999" classname="shinytest2_tm_g_ipp" name="e2e_tm_g_ipp_Deselecting_aval_var_throws_validation_error.">
      <skipped message="Reason: chromium ('test-shinytest2-tm_g_ipp.R:241:3')"/>
    </testcase>
    <testcase time="0.0129999999999999" classname="shinytest2_tm_g_ipp" name="e2e_tm_g_ipp_Changing_add_baseline_hline_changes_plot_and_doesn_t_throw_validation_errors.">
      <skipped message="Reason: chromium ('test-shinytest2-tm_g_ipp.R:255:3')"/>
    </testcase>
    <testcase time="0.0130000000000008" classname="shinytest2_tm_g_ipp" name="e2e_tm_g_ipp_Changing_separate_by_obs_changes_plot_and_doesn_t_throw_validation_errors.">
      <skipped message="Reason: chromium ('test-shinytest2-tm_g_ipp.R:270:3')"/>
    </testcase>
    <testcase time="0.0119999999999996" classname="shinytest2_tm_g_ipp" name="e2e_tm_g_ipp_Changing_suppress_legend_changes_plot_and_doesn_t_throw_validation_errors.">
      <skipped message="Reason: chromium ('test-shinytest2-tm_g_ipp.R:286:3')"/>
    </testcase>
    <testcase time="0.0129999999999999" classname="shinytest2_tm_g_ipp" name="e2e_tm_g_ipp_Changing_add_avalu_changes_plot_and_doesn_t_throw_validation_errors.">
      <skipped message="Reason: chromium ('test-shinytest2-tm_g_ipp.R:302:3')"/>
    </testcase>
  </testsuite>
  <testsuite name="shinytest2-tm_g_km" timestamp="2025-09-24T13:16:31Z" hostname="a0c806848f65" tests="27" skipped="27" failures="0" errors="0" time="0.363">
    <testcase time="0.0209999999999999" classname="shinytest2_tm_g_km" name="e2e_tm_g_km_Module_initializes_in_teal_without_errors_and_produces_plot_output.">
      <skipped message="Reason: chromium ('test-shinytest2-tm_g_km.R:79:3')"/>
    </testcase>
    <testcase time="0.0129999999999999" classname="shinytest2_tm_g_km" name="e2e_tm_g_km_Starts_with_specified_paramcd_aval_var_cnsr_var_facet_var_arm_var_compare_arms_strata_var.">
      <skipped message="Reason: chromium ('test-shinytest2-tm_g_km.R:95:5')"/>
    </testcase>
    <testcase time="0.0130000000000008" classname="shinytest2_tm_g_km" name="e2e_tm_g_km_Changing_paramcd_changes_the_plot_without_errors.">
      <skipped message="Reason: chromium ('test-shinytest2-tm_g_km.R:139:3')"/>
    </testcase>
    <testcase time="0.0129999999999999" classname="shinytest2_tm_g_km" name="e2e_tm_g_km_Changing_facet_var_changes_the_plot_without_errors.">
      <skipped message="Reason: chromium ('test-shinytest2-tm_g_km.R:150:3')"/>
    </testcase>
    <testcase time="0.0119999999999996" classname="shinytest2_tm_g_km" name="e2e_tm_g_km_Changing_arm_var_changes_the_plot_without_errors.">
      <skipped message="Reason: chromium ('test-shinytest2-tm_g_km.R:161:3')"/>
    </testcase>
    <testcase time="0.0129999999999999" classname="shinytest2_tm_g_km" name="e2e_tm_g_km_Changing_compare_arms_changes_the_plot_without_errors.">
      <skipped message="Reason: chromium ('test-shinytest2-tm_g_km.R:172:3')"/>
    </testcase>
    <testcase time="0.0129999999999999" classname="shinytest2_tm_g_km" name="e2e_tm_g_km_Changing_strata_var_changes_the_plot_without_errors.">
      <skipped message="Reason: chromium ('test-shinytest2-tm_g_km.R:183:3')"/>
    </testcase>
    <testcase time="0.0129999999999999" classname="shinytest2_tm_g_km" name="e2e_tm_g_km_Deselecting_paramcd_throws_validation_error.">
      <skipped message="Reason: chromium ('test-shinytest2-tm_g_km.R:194:3')"/>
    </testcase>
    <testcase time="0.0120000000000005" classname="shinytest2_tm_g_km" name="e2e_tm_g_km_Deselecting_arm_var_throws_validation_error.">
      <skipped message="Reason: chromium ('test-shinytest2-tm_g_km.R:213:3')"/>
    </testcase>
    <testcase time="0.0129999999999999" classname="shinytest2_tm_g_km" name="e2e_tm_g_km_Deselecting_compare_arms_sets_it_to_FALSE.">
      <skipped message="Reason: chromium ('test-shinytest2-tm_g_km.R:228:3')"/>
    </testcase>
    <testcase time="0.0129999999999999" classname="shinytest2_tm_g_km" name="e2e_tm_g_km_Deselecting_strata_var_does_not_throw_errors.">
      <skipped message="Reason: chromium ('test-shinytest2-tm_g_km.R:238:3')"/>
    </testcase>
    <testcase time="0.0170000000000003" classname="shinytest2_tm_g_km" name="e2e_tm_g_km_Starts_with_specified_groups.">
      <skipped message="Reason: chromium ('test-shinytest2-tm_g_km.R:249:3')"/>
    </testcase>
    <testcase time="0.0140000000000002" classname="shinytest2_tm_g_km" name="e2e_tm_g_km_Starts_with_specified_collapsed_comparison_settings.">
      <skipped message="Reason: chromium ('test-shinytest2-tm_g_km.R:269:3')"/>
    </testcase>
    <testcase time="0.0119999999999996" classname="shinytest2_tm_g_km" name="e2e_tm_g_km_Changing_pval_method_coxph_changes_the_plot_without_errors.">
      <skipped message="Reason: chromium ('test-shinytest2-tm_g_km.R:291:3')"/>
    </testcase>
    <testcase time="0.0129999999999999" classname="shinytest2_tm_g_km" name="e2e_tm_g_km_Changing_ties_coxph_changes_the_plot_without_errors.">
      <skipped message="Reason: chromium ('test-shinytest2-tm_g_km.R:302:3')"/>
    </testcase>
    <testcase time="0.0129999999999999" classname="shinytest2_tm_g_km" name="e2e_tm_g_km_Deselecting_pval_method_coxph_gives_no_validation_error.">
      <skipped message="Reason: chromium ('test-shinytest2-tm_g_km.R:313:3')"/>
    </testcase>
    <testcase time="0.0120000000000005" classname="shinytest2_tm_g_km" name="e2e_tm_g_km_Deselecting_ties_coxph_gives_no_validation_error.">
      <skipped message="Reason: chromium ('test-shinytest2-tm_g_km.R:322:3')"/>
    </testcase>
    <testcase time="0.0129999999999999" classname="shinytest2_tm_g_km" name="e2e_tm_g_km_Starts_with_specified_collapsed_additional_plot_settings.">
      <skipped message="Reason: chromium ('test-shinytest2-tm_g_km.R:333:3')"/>
    </testcase>
    <testcase time="0.0129999999999999" classname="shinytest2_tm_g_km" name="e2e_tm_g_km_Changing_xticks_changes_the_plot_and_does_not_throw_validation_errors.">
      <skipped message="Reason: chromium ('test-shinytest2-tm_g_km.R:375:7')"/>
    </testcase>
    <testcase time="0.0119999999999996" classname="shinytest2_tm_g_km" name="e2e_tm_g_km_Changing_yval_changes_the_plot_and_does_not_throw_validation_errors.">
      <skipped message="Reason: chromium ('test-shinytest2-tm_g_km.R:375:7')"/>
    </testcase>
    <testcase time="0.0130000000000008" classname="shinytest2_tm_g_km" name="e2e_tm_g_km_Changing_font_size_changes_the_plot_and_does_not_throw_validation_errors.">
      <skipped message="Reason: chromium ('test-shinytest2-tm_g_km.R:375:7')"/>
    </testcase>
    <testcase time="0.0129999999999999" classname="shinytest2_tm_g_km" name="e2e_tm_g_km_Changing_rel_height_plot_changes_the_plot_and_does_not_throw_validation_errors.">
      <skipped message="Reason: chromium ('test-shinytest2-tm_g_km.R:375:7')"/>
    </testcase>
    <testcase time="0.0169999999999995" classname="shinytest2_tm_g_km" name="e2e_tm_g_km_Changing_show_ci_ribbon_changes_the_plot_and_does_not_throw_validation_errors.">
      <skipped message="Reason: chromium ('test-shinytest2-tm_g_km.R:375:7')"/>
    </testcase>
    <testcase time="0.0129999999999999" classname="shinytest2_tm_g_km" name="e2e_tm_g_km_Changing_show_km_table_changes_the_plot_and_does_not_throw_validation_errors.">
      <skipped message="Reason: chromium ('test-shinytest2-tm_g_km.R:375:7')"/>
    </testcase>
    <testcase time="0.0129999999999999" classname="shinytest2_tm_g_km" name="e2e_tm_g_km_Changing_conf_level_changes_the_plot_and_does_not_throw_validation_errors.">
      <skipped message="Reason: chromium ('test-shinytest2-tm_g_km.R:375:7')"/>
    </testcase>
    <testcase time="0.0130000000000008" classname="shinytest2_tm_g_km" name="e2e_tm_g_km_Changing_xlab_changes_the_plot_and_does_not_throw_validation_errors.">
      <skipped message="Reason: chromium ('test-shinytest2-tm_g_km.R:375:7')"/>
    </testcase>
    <testcase time="0.0129999999999999" classname="shinytest2_tm_g_km" name="e2e_tm_g_km_Deselecting_conf_level_throws_validation_error.">
      <skipped message="Reason: chromium ('test-shinytest2-tm_g_km.R:397:3')"/>
    </testcase>
  </testsuite>
  <testsuite name="shinytest2-tm_g_lineplot" timestamp="2025-09-24T13:16:32Z" hostname="a0c806848f65" tests="10" skipped="10" failures="0" errors="0" time="0.134">
    <testcase time="0.0149999999999997" classname="shinytest2_tm_g_lineplot" name="e2e_tm_g_lineplot_Module_initializes_in_teal_without_errors.">
      <skipped message="Reason: chromium ('test-shinytest2-tm_g_lineplot.R:65:3')"/>
    </testcase>
    <testcase time="0.0129999999999999" classname="shinytest2_tm_g_lineplot" name="e2e_tm_g_lineplot_Starts_with_specified_label_param_group_var_y_x_mid_interval_incl_screen_plot_settings_and_table_settings.">
      <skipped message="Reason: chromium ('test-shinytest2-tm_g_lineplot.R:83:5')"/>
    </testcase>
    <testcase time="0.0129999999999999" classname="shinytest2_tm_g_lineplot" name="e2e_tm_g_lineplot_Selecting_param_changes_plot_and_doesn_t_throw_validation_errors.">
      <skipped message="Reason: chromium ('test-shinytest2-tm_g_lineplot.R:114:3')"/>
    </testcase>
    <testcase time="0.0120000000000005" classname="shinytest2_tm_g_lineplot" name="e2e_tm_g_lineplot_Deselecting_param_throws_validation_error.">
      <skipped message="Reason: chromium ('test-shinytest2-tm_g_lineplot.R:130:3')"/>
    </testcase>
    <testcase time="0.0129999999999999" classname="shinytest2_tm_g_lineplot" name="e2e_tm_g_lineplot_Selecting_group_var_changes_plot_and_doesn_t_throw_validation_errors.">
      <skipped message="Reason: chromium ('test-shinytest2-tm_g_lineplot.R:146:5')"/>
    </testcase>
    <testcase time="0.0129999999999999" classname="shinytest2_tm_g_lineplot" name="e2e_tm_g_lineplot_Deselecting_group_var_throws_validation_error.">
      <skipped message="Reason: chromium ('test-shinytest2-tm_g_lineplot.R:163:3')"/>
    </testcase>
    <testcase time="0.0170000000000003" classname="shinytest2_tm_g_lineplot" name="e2e_tm_g_lineplot_Selecting_y_changes_plot_and_doesn_t_throw_validation_errors.">
      <skipped message="Reason: chromium ('test-shinytest2-tm_g_lineplot.R:179:3')"/>
    </testcase>
    <testcase time="0.0129999999999999" classname="shinytest2_tm_g_lineplot" name="e2e_tm_g_lineplot_Deselecting_y_throws_validation_error.">
      <skipped message="Reason: chromium ('test-shinytest2-tm_g_lineplot.R:195:3')"/>
    </testcase>
    <testcase time="0.0129999999999999" classname="shinytest2_tm_g_lineplot" name="e2e_tm_g_lineplot_Selecting_conf_level_changes_plot_and_doesn_t_throw_validation_errors.">
      <skipped message="Reason: chromium ('test-shinytest2-tm_g_lineplot.R:211:3')"/>
    </testcase>
    <testcase time="0.0119999999999996" classname="shinytest2_tm_g_lineplot" name="e2e_tm_g_lineplot_Deselecting_conf_level_validation_error.">
      <skipped message="Reason: chromium ('test-shinytest2-tm_g_lineplot.R:227:3')"/>
    </testcase>
  </testsuite>
  <testsuite name="shinytest2-tm_g_pp_adverse_events" timestamp="2025-09-24T13:16:32Z" hostname="a0c806848f65" tests="16" skipped="16" failures="0" errors="0" time="0.213">
    <testcase time="0.016" classname="shinytest2_tm_g_pp_adverse_events" name="e2e_tm_g_pp_adverse_events_Module_initializes_in_teal_without_any_errors_and_produces_the_plot_and_table.">
      <skipped message="Reason: chromium ('test-shinytest2-tm_g_pp_adverse_events.R:56:5')"/>
    </testcase>
    <testcase time="0.0129999999999999" classname="shinytest2_tm_g_pp_adverse_events" name="e2e_tm_g_pp_adverse_events_Module_initializes_with_specific_label_patient_id_aeterm_tox_grade_causality_outcome_action_time_decod.">
      <skipped message="Reason: chromium ('test-shinytest2-tm_g_pp_adverse_events.R:73:5')"/>
    </testcase>
    <testcase time="0.0130000000000008" classname="shinytest2_tm_g_pp_adverse_events" name="e2e_tm_g_pp_adverse_events_Selecting_patient_id_doesn_t_throw_errors_and_changes_the_plot_and_table.">
      <skipped message="Reason: chromium ('test-shinytest2-tm_g_pp_adverse_events.R:127:5')"/>
    </testcase>
    <testcase time="0.0119999999999996" classname="shinytest2_tm_g_pp_adverse_events" name="e2e_tm_g_pp_adverse_events_Deselecting_patient_id_throw_validation_error">
      <skipped message="Reason: chromium ('test-shinytest2-tm_g_pp_adverse_events.R:153:5')"/>
    </testcase>
    <testcase time="0.0129999999999999" classname="shinytest2_tm_g_pp_adverse_events" name="e2e_tm_g_pp_adverse_events_Selecting_aeterm_column_doesn_t_throw_errors_and_changes_the_plot_and_table.">
      <skipped message="Reason: chromium ('test-shinytest2-tm_g_pp_adverse_events.R:170:5')"/>
    </testcase>
    <testcase time="0.0129999999999999" classname="shinytest2_tm_g_pp_adverse_events" name="e2e_tm_g_pp_adverse_events_Deselecting_aeterm_column_throw_validation_error">
      <skipped message="Reason: chromium ('test-shinytest2-tm_g_pp_adverse_events.R:197:5')"/>
    </testcase>
    <testcase time="0.0129999999999999" classname="shinytest2_tm_g_pp_adverse_events" name="e2e_tm_g_pp_adverse_events_Selecting_tox_grade_column_doesn_t_throw_errors_and_changes_the_plot_and_table.">
      <skipped message="Reason: chromium ('test-shinytest2-tm_g_pp_adverse_events.R:214:5')"/>
    </testcase>
    <testcase time="0.0180000000000007" classname="shinytest2_tm_g_pp_adverse_events" name="e2e_tm_g_pp_adverse_events_Deselecting_tox_grade_column_throw_validation_error">
      <skipped message="Reason: chromium ('test-shinytest2-tm_g_pp_adverse_events.R:241:5')"/>
    </testcase>
    <testcase time="0.0129999999999999" classname="shinytest2_tm_g_pp_adverse_events" name="e2e_tm_g_pp_adverse_events_Selecting_causality_column_doesn_t_throw_errors_and_changes_the_plot_and_table.">
      <skipped message="Reason: chromium ('test-shinytest2-tm_g_pp_adverse_events.R:258:5')"/>
    </testcase>
    <testcase time="0.0129999999999999" classname="shinytest2_tm_g_pp_adverse_events" name="e2e_tm_g_pp_adverse_events_Deselecting_causality_column_throw_validation_error">
      <skipped message="Reason: chromium ('test-shinytest2-tm_g_pp_adverse_events.R:285:5')"/>
    </testcase>
    <testcase time="0.0129999999999999" classname="shinytest2_tm_g_pp_adverse_events" name="e2e_tm_g_pp_adverse_events_Selecting_outcome_column_doesn_t_throw_errors_and_changes_the_plot_and_table.">
      <skipped message="Reason: chromium ('test-shinytest2-tm_g_pp_adverse_events.R:302:5')"/>
    </testcase>
    <testcase time="0.0119999999999996" classname="shinytest2_tm_g_pp_adverse_events" name="e2e_tm_g_pp_adverse_events_Deselecting_outcome_column_throw_validation_error">
      <skipped message="Reason: chromium ('test-shinytest2-tm_g_pp_adverse_events.R:329:5')"/>
    </testcase>
    <testcase time="0.0130000000000008" classname="shinytest2_tm_g_pp_adverse_events" name="e2e_tm_g_pp_adverse_events_Selecting_action_column_doesn_t_throw_errors_and_changes_the_plot_and_table.">
      <skipped message="Reason: chromium ('test-shinytest2-tm_g_pp_adverse_events.R:346:5')"/>
    </testcase>
    <testcase time="0.0129999999999999" classname="shinytest2_tm_g_pp_adverse_events" name="e2e_tm_g_pp_adverse_events_Deselecting_action_column_throw_validation_error">
      <skipped message="Reason: chromium ('test-shinytest2-tm_g_pp_adverse_events.R:373:5')"/>
    </testcase>
    <testcase time="0.0129999999999999" classname="shinytest2_tm_g_pp_adverse_events" name="e2e_tm_g_pp_adverse_events_Selecting_time_column_doesn_t_throw_errors_and_changes_the_plot_and_table.">
      <skipped message="Reason: chromium ('test-shinytest2-tm_g_pp_adverse_events.R:390:5')"/>
    </testcase>
    <testcase time="0.0119999999999996" classname="shinytest2_tm_g_pp_adverse_events" name="e2e_tm_g_pp_adverse_events_Deselecting_time_column_throw_validation_error">
      <skipped message="Reason: chromium ('test-shinytest2-tm_g_pp_adverse_events.R:417:5')"/>
    </testcase>
  </testsuite>
  <testsuite name="shinytest2-tm_g_pp_patient_timeline" timestamp="2025-09-24T13:16:32Z" hostname="a0c806848f65" tests="26" skipped="26" failures="0" errors="0" time="0.353">
    <testcase time="0.0170000000000003" classname="shinytest2_tm_g_pp_patient_timeline" name="e2e_tm_g_pp_patient_timeline_Module_initializes_in_teal_without_errors_and_produces_plot_output.">
      <skipped message="Reason: chromium ('test-shinytest2-tm_g_pp_patient_timeline.R:90:5')"/>
    </testcase>
    <testcase time="0.0179999999999998" classname="shinytest2_tm_g_pp_patient_timeline" name="e2e_tm_g_pp_patient_timeline_Starts_with_specified_label_patient_id_cmdecod_aeterm_aetime_start_aetime_end_dstime_start_dstime_end_aerelday_start_aerelday_end_dsrelday_start_dsrelday_en.">
      <skipped message="Reason: chromium ('test-shinytest2-tm_g_pp_patient_timeline.R:109:5')"/>
    </testcase>
    <testcase time="0.0129999999999999" classname="shinytest2_tm_g_pp_patient_timeline" name="e2e_tm_g_pp_patient_timeline_Encodings_aerelday_start_aerelday_end_dsrelday_start_dsrelday_end_are_shown_only_when_relday_x_axis_is_checked.">
      <skipped message="Reason: chromium ('test-shinytest2-tm_g_pp_patient_timeline.R:175:5')"/>
    </testcase>
    <testcase time="0.0129999999999999" classname="shinytest2_tm_g_pp_patient_timeline" name="e2e_tm_g_pp_patient_timeline_Encodings_aetime_start_aetime_end_dstime_start_dstime_end_are_shown_only_when_relday_x_axis_is_unchecked.">
      <skipped message="Reason: chromium ('test-shinytest2-tm_g_pp_patient_timeline.R:207:5')"/>
    </testcase>
    <testcase time="0.0129999999999999" classname="shinytest2_tm_g_pp_patient_timeline" name="e2e_tm_g_pp_patient_timeline_Selecting_patient_id_changes_plot_and_doesn_t_throw_validation_errors.">
      <skipped message="Reason: chromium ('test-shinytest2-tm_g_pp_patient_timeline.R:238:5')"/>
    </testcase>
    <testcase time="0.0130000000000008" classname="shinytest2_tm_g_pp_patient_timeline" name="e2e_tm_g_pp_patient_timeline_Deselecting_patient_id_column_throws_validation_error.">
      <skipped message="Reason: chromium ('test-shinytest2-tm_g_pp_patient_timeline.R:255:3')"/>
    </testcase>
    <testcase time="0.0119999999999996" classname="shinytest2_tm_g_pp_patient_timeline" name="e2e_tm_g_pp_patient_timeline_Selecting_cmdecod_changes_plot_and_doesn_t_throw_validation_errors.">
      <skipped message="Reason: chromium ('test-shinytest2-tm_g_pp_patient_timeline.R:271:5')"/>
    </testcase>
    <testcase time="0.0129999999999999" classname="shinytest2_tm_g_pp_patient_timeline" name="e2e_tm_g_pp_patient_timeline_Deselecting_cmdecod_changes_plot_and_doesn_t_throw_validation_error.">
      <skipped message="Reason: chromium ('test-shinytest2-tm_g_pp_patient_timeline.R:290:5')"/>
    </testcase>
    <testcase time="0.0129999999999999" classname="shinytest2_tm_g_pp_patient_timeline" name="e2e_tm_g_pp_patient_timeline_Selecting_aeterm_changes_plot_and_doesn_t_throw_validation_errors.">
      <skipped message="Reason: chromium ('test-shinytest2-tm_g_pp_patient_timeline.R:304:5')"/>
    </testcase>
    <testcase time="0.0129999999999999" classname="shinytest2_tm_g_pp_patient_timeline" name="e2e_tm_g_pp_patient_timeline_Deselecting_aeterm_changes_plot_and_doesn_t_throw_validation_error.">
      <skipped message="Reason: chromium ('test-shinytest2-tm_g_pp_patient_timeline.R:323:5')"/>
    </testcase>
    <testcase time="0.0129999999999999" classname="shinytest2_tm_g_pp_patient_timeline" name="e2e_tm_g_pp_patient_timeline_Selecting_aetime_start_changes_plot_and_doesn_t_throw_validation_errors.">
      <skipped message="Reason: chromium ('test-shinytest2-tm_g_pp_patient_timeline.R:337:5')"/>
    </testcase>
[...]
      <skipped message="Reason: On CRAN ('test-tm_t_shift_by_arm.R:14:3')"/>
    </testcase>
    <testcase time="0.0139999999999993" classname="tm_t_shift_by_arm" name="template_shift_by_arm_generates_correct_expressions_with_add_total_being_TRUE"/>
    <testcase time="0.00500000000000078" classname="tm_t_shift_by_arm" name="template_shift_by_arm_generates_correct_expressions_with_add_total_being_TRUE">
      <skipped message="Reason: On CRAN ('test-tm_t_shift_by_arm.R:31:3')"/>
    </testcase>
    <testcase time="0.0139999999999993" classname="tm_t_shift_by_arm" name="template_shift_by_arm_generates_correct_expressions_with_na.rm_being_TRUE"/>
    <testcase time="0.00500000000000078" classname="tm_t_shift_by_arm" name="template_shift_by_arm_generates_correct_expressions_with_na.rm_being_TRUE">
      <skipped message="Reason: On CRAN ('test-tm_t_shift_by_arm.R:48:3')"/>
    </testcase>
  </testsuite>
  <testsuite name="tm_t_shift_by_arm_by_worst" timestamp="2025-09-24T13:16:38Z" hostname="a0c806848f65" tests="6" skipped="3" failures="0" errors="0" time="0.068">
    <testcase time="0.0179999999999989" classname="tm_t_shift_by_arm_by_worst" name="template_shift_by_arm_generates_correct_expressions_with_default_arguments"/>
    <testcase time="0.00500000000000078" classname="tm_t_shift_by_arm_by_worst" name="template_shift_by_arm_generates_correct_expressions_with_default_arguments">
      <skipped message="Reason: On CRAN ('test-tm_t_shift_by_arm_by_worst.R:15:3')"/>
    </testcase>
    <testcase time="0.0139999999999993" classname="tm_t_shift_by_arm_by_worst" name="template_shift_by_arm_generates_correct_expressions_with_add_total_being_TRUE"/>
    <testcase time="0.00500000000000078" classname="tm_t_shift_by_arm_by_worst" name="template_shift_by_arm_generates_correct_expressions_with_add_total_being_TRUE">
      <skipped message="Reason: On CRAN ('test-tm_t_shift_by_arm_by_worst.R:33:3')"/>
    </testcase>
    <testcase time="0.0149999999999988" classname="tm_t_shift_by_arm_by_worst" name="template_shift_by_arm_generates_correct_expressions_with_na.rm_being_TRUE"/>
    <testcase time="0.011000000000001" classname="tm_t_shift_by_arm_by_worst" name="template_shift_by_arm_generates_correct_expressions_with_na.rm_being_TRUE">
      <skipped message="Reason: On CRAN ('test-tm_t_shift_by_arm_by_worst.R:51:3')"/>
    </testcase>
  </testsuite>
  <testsuite name="tm_t_shift_by_grade" timestamp="2025-09-24T13:16:38Z" hostname="a0c806848f65" tests="8" skipped="2" failures="2" errors="1" time="0.273">
    <testcase time="0.0220000000000002" classname="tm_t_shift_by_grade" name="template_shift_by_grade_generates_correct_expressions_with_default_arguments"/>
    <testcase time="0.00499999999999901" classname="tm_t_shift_by_grade" name="template_shift_by_grade_generates_correct_expressions_with_default_arguments">
      <skipped message="Reason: On CRAN ('test-tm_t_shift_by_grade.R:20:3')"/>
    </testcase>
    <testcase time="0.016" classname="tm_t_shift_by_grade" name="template_shift_by_grade_generates_correct_expressions_with_custom_arguments"/>
    <testcase time="0.00500000000000078" classname="tm_t_shift_by_grade" name="template_shift_by_grade_generates_correct_expressions_with_custom_arguments">
      <skipped message="Reason: On CRAN ('test-tm_t_shift_by_grade.R:42:3')"/>
    </testcase>
    <testcase time="0.0169999999999995" classname="tm_t_shift_by_grade" name="template_shift_by_grade_throws_an_error_when_worst_flag_var_is_not_one_of_WGRLOVFL_WGRLOFL_WGRHIVFL_WGRHIFL"/>
    <testcase time="0.0950000000000006" classname="tm_t_shift_by_grade" name="template_shift_by_grade_keeps_the_same_number_of_missing_data_Missing_after_preprocessing">
      <error type="error" message="Error in `data$ATOXGR_GP`: $ operator is invalid for atomic vectors ('test-tm_t_shift_by_grade.R:96:5')">Error in `data$ATOXGR_GP`: $ operator is invalid for atomic vectors</error>
    </testcase>
    <testcase time="0.052999999999999" classname="tm_t_shift_by_grade" name="template_shift_by_grade_handles_empty_dataset_after_worst_flag_filtering_gracefully">
      <failure type="failure" message="nrow(data) (`actual`) not equal to 0 (`expected`). ('test-tm_t_shift_by_grade.R:129:5')">nrow(data) (`actual`) not equal to 0 (`expected`).

`actual` is NULL
`expected` is a double vector (0)</failure>
    </testcase>
    <testcase time="0.0600000000000005" classname="tm_t_shift_by_grade" name="template_shift_by_grade_handles_invalid_worst_flag_indicator_values">
      <failure type="failure" message="nrow(data) (`actual`) not equal to 0 (`expected`). ('test-tm_t_shift_by_grade.R:160:5')">nrow(data) (`actual`) not equal to 0 (`expected`).

`actual` is NULL
`expected` is a double vector (0)</failure>
    </testcase>
  </testsuite>
  <testsuite name="tm_t_smq" timestamp="2025-09-24T13:16:39Z" hostname="a0c806848f65" tests="4" skipped="2" failures="0" errors="0" time="0.048">
    <testcase time="0.020999999999999" classname="tm_t_smq" name="template_smq_generates_correct_expressions_with_default_arguments"/>
    <testcase time="0.00600000000000023" classname="tm_t_smq" name="template_smq_generates_correct_expressions_with_default_arguments">
      <skipped message="Reason: On CRAN ('test-tm_t_smq.R:17:3')"/>
    </testcase>
    <testcase time="0.016" classname="tm_t_smq" name="template_smq_generates_correct_expressions_with_custom_arguments"/>
    <testcase time="0.00500000000000078" classname="tm_t_smq" name="template_smq_generates_correct_expressions_with_custom_arguments">
      <skipped message="Reason: On CRAN ('test-tm_t_smq.R:36:3')"/>
    </testcase>
  </testsuite>
  <testsuite name="tm_t_summary" timestamp="2025-09-24T13:16:39Z" hostname="a0c806848f65" tests="12" skipped="6" failures="0" errors="0" time="0.139">
    <testcase time="0.0190000000000001" classname="tm_t_summary" name="template_summary_generates_correct_expressions"/>
    <testcase time="0.00600000000000023" classname="tm_t_summary" name="template_summary_generates_correct_expressions">
      <skipped message="Reason: On CRAN ('test-tm_t_summary.R:15:3')"/>
    </testcase>
    <testcase time="0.0149999999999988" classname="tm_t_summary" name="template_summary_can_generate_customized_table"/>
    <testcase time="0.00500000000000078" classname="tm_t_summary" name="template_summary_can_generate_customized_table">
      <skipped message="Reason: On CRAN ('test-tm_t_summary.R:32:3')"/>
    </testcase>
    <testcase time="0.0229999999999997" classname="tm_t_summary" name="template_summary_generates_correct_expressions_for_multiple_grouping_variables"/>
    <testcase time="0.00600000000000023" classname="tm_t_summary" name="template_summary_generates_correct_expressions_for_multiple_grouping_variables">
      <skipped message="Reason: On CRAN ('test-tm_t_summary.R:49:3')"/>
    </testcase>
    <testcase time="0.016" classname="tm_t_summary" name="template_summary_generates_correct_expressions_for_multiple_grouping_variables_and_all_patients"/>
    <testcase time="0.00500000000000078" classname="tm_t_summary" name="template_summary_generates_correct_expressions_for_multiple_grouping_variables_and_all_patients">
      <skipped message="Reason: On CRAN ('test-tm_t_summary.R:68:5')"/>
    </testcase>
    <testcase time="0.0169999999999995" classname="tm_t_summary" name="template_summary_generates_correct_expressions_for_customized_numeric_statistics"/>
    <testcase time="0.00499999999999901" classname="tm_t_summary" name="template_summary_generates_correct_expressions_for_customized_numeric_statistics">
      <skipped message="Reason: On CRAN ('test-tm_t_summary.R:87:3')"/>
    </testcase>
    <testcase time="0.0170000000000012" classname="tm_t_summary" name="template_summary_generates_correct_expressions_when_arm_variable_labels_are_added"/>
    <testcase time="0.00499999999999901" classname="tm_t_summary" name="template_summary_generates_correct_expressions_when_arm_variable_labels_are_added">
      <skipped message="Reason: On CRAN ('test-tm_t_summary.R:100:3')"/>
    </testcase>
  </testsuite>
  <testsuite name="tm_t_summary_by" timestamp="2025-09-24T13:16:39Z" hostname="a0c806848f65" tests="10" skipped="5" failures="0" errors="0" time="0.114">
    <testcase time="0.0190000000000001" classname="tm_t_summary_by" name="template_summary_by_generates_correct_expressions"/>
    <testcase time="0.00500000000000078" classname="tm_t_summary_by" name="template_summary_by_generates_correct_expressions">
      <skipped message="Reason: On CRAN ('test-tm_t_summary_by.R:17:3')"/>
    </testcase>
    <testcase time="0.0220000000000002" classname="tm_t_summary_by" name="template_summary_by_generates_correct_expressions_when_parallel_vars_is_true"/>
    <testcase time="0.00599999999999845" classname="tm_t_summary_by" name="template_summary_by_generates_correct_expressions_when_parallel_vars_is_true">
      <skipped message="Reason: On CRAN ('test-tm_t_summary_by.R:37:3')"/>
    </testcase>
    <testcase time="0.0150000000000006" classname="tm_t_summary_by" name="template_summary_by_generates_correct_expressions_when_row_groups_is_true"/>
    <testcase time="0.00500000000000078" classname="tm_t_summary_by" name="template_summary_by_generates_correct_expressions_when_row_groups_is_true">
      <skipped message="Reason: On CRAN ('test-tm_t_summary_by.R:58:3')"/>
    </testcase>
    <testcase time="0.016" classname="tm_t_summary_by" name="template_summary_by_generates_correct_expressions_for_customized_numeric_statistics"/>
    <testcase time="0.00499999999999901" classname="tm_t_summary_by" name="template_summary_by_generates_correct_expressions_for_customized_numeric_statistics">
      <skipped message="Reason: On CRAN ('test-tm_t_summary_by.R:78:3')"/>
    </testcase>
    <testcase time="0.0150000000000006" classname="tm_t_summary_by" name="template_summary_by_generates_correct_expressions_for_drop_zero_levels_is_true"/>
    <testcase time="0.00600000000000023" classname="tm_t_summary_by" name="template_summary_by_generates_correct_expressions_for_drop_zero_levels_is_true">
      <skipped message="Reason: On CRAN ('test-tm_t_summary_by.R:97:3')"/>
    </testcase>
  </testsuite>
  <testsuite name="tm_t_tte" timestamp="2025-09-24T13:16:39Z" hostname="a0c806848f65" tests="8" skipped="4" failures="0" errors="0" time="0.096">
    <testcase time="0.0199999999999996" classname="tm_t_tte" name="template_tte_produces_healthy_standard_output"/>
    <testcase time="0.00500000000000078" classname="tm_t_tte" name="template_tte_produces_healthy_standard_output">
      <skipped message="Reason: On CRAN ('test-tm_t_tte.R:25:3')"/>
    </testcase>
    <testcase time="0.016" classname="tm_t_tte" name="template_tte_produces_correct_data_expression_when_not_comparing_arms"/>
    <testcase time="0.0109999999999992" classname="tm_t_tte" name="template_tte_produces_correct_data_expression_when_not_comparing_arms">
      <skipped message="Reason: On CRAN ('test-tm_t_tte.R:52:3')"/>
    </testcase>
    <testcase time="0.0169999999999995" classname="tm_t_tte" name="template_tte_produces_correct_data_expression_when_comparing_and_combining_arms"/>
    <testcase time="0.00600000000000023" classname="tm_t_tte" name="template_tte_produces_correct_data_expression_when_comparing_and_combining_arms">
      <skipped message="Reason: On CRAN ('test-tm_t_tte.R:79:3')"/>
    </testcase>
    <testcase time="0.016" classname="tm_t_tte" name="template_tte_produces_correct_data_expression_when_comparing_arms"/>
    <testcase time="0.00500000000000078" classname="tm_t_tte" name="template_tte_produces_correct_data_expression_when_comparing_arms">
      <skipped message="Reason: On CRAN ('test-tm_t_tte.R:106:3')"/>
    </testcase>
  </testsuite>
  <testsuite name="utils" timestamp="2025-09-24T13:16:39Z" hostname="a0c806848f65" tests="51" skipped="11" failures="0" errors="0" time="0.432">
    <testcase time="0.0190000000000001" classname="utils" name="h_concat_expr_returns_a_string_for_long_expression"/>
    <testcase time="0.00499999999999901" classname="utils" name="h_concat_expr_returns_a_string_for_long_expression">
      <skipped message="Reason: On CRAN ('test-utils.R:13:3')"/>
    </testcase>
    <testcase time="0.0140000000000011" classname="utils" name="pipe_expr_concatenate_expressions_into_a_single_pipeline_"/>
    <testcase time="0.00499999999999901" classname="utils" name="add_expr_adds_expressions_to_expression_list"/>
    <testcase time="0.00500000000000078" classname="utils" name="add_expr_adds_expressions_to_expression_list">
      <skipped message="Reason: On CRAN ('test-utils.R:44:3')"/>
    </testcase>
    <testcase time="0.0149999999999988" classname="utils" name="add_expr_manages_expression_list_which_can_be_used_by_pipe_expr"/>
    <testcase time="0.00500000000000078" classname="utils" name="add_expr_manages_expression_list_which_can_be_used_by_pipe_expr">
      <skipped message="Reason: On CRAN ('test-utils.R:65:3')"/>
    </testcase>
    <testcase time="0.0250000000000004" classname="utils" name="bracket_expr_concatenates_expressions_into_a_single_expression"/>
    <testcase time="0.00600000000000023" classname="utils" name="bracket_expr_concatenates_expressions_into_a_single_expression">
      <skipped message="Reason: On CRAN ('test-utils.R:83:3')"/>
    </testcase>
    <testcase time="0.016" classname="utils" name="bracket_expr_returns_a_single_evaluable_expression"/>
    <testcase time="0.00499999999999901" classname="utils" name="bracket_expr_returns_a_single_evaluable_expression">
      <skipped message="Reason: On CRAN ('test-utils.R:91:3')"/>
    </testcase>
    <testcase time="0.0150000000000006" classname="utils" name="prepare_arm_with_standard_inputs"/>
    <testcase time="0.00499999999999901" classname="utils" name="prepare_arm_with_standard_inputs">
      <skipped message="Reason: On CRAN ('test-utils.R:104:3')"/>
    </testcase>
    <testcase time="0.0140000000000011" classname="utils" name="prepare_arm_combine_ref_arms"/>
    <testcase time="0.00600000000000023" classname="utils" name="prepare_arm_combine_ref_arms">
      <skipped message="Reason: On CRAN ('test-utils.R:116:3')"/>
    </testcase>
    <testcase time="0.0139999999999993" classname="utils" name="prepare_arm_combine_ref_arms_and_use_new_level"/>
    <testcase time="0.00500000000000078" classname="utils" name="prepare_arm_combine_ref_arms_and_use_new_level">
      <skipped message="Reason: On CRAN ('test-utils.R:129:3')"/>
    </testcase>
    <testcase time="0.0149999999999988" classname="utils" name="prepare_arm_does_not_do_anything_when_we_don_t_want_to_compare_or_drop_arms"/>
    <testcase time="0.00300000000000011" classname="utils" name="prepare_arm_does_not_do_anything_when_we_don_t_want_to_compare_or_drop_arms"/>
    <testcase time="0.00699999999999967" classname="utils" name="prepare_arm_levels_with_standard_inputs"/>
    <testcase time="0.0129999999999999" classname="utils" name="prepare_arm_levels_with_standard_inputs">
      <skipped message="Reason: On CRAN ('test-utils.R:168:3')"/>
    </testcase>
    <testcase time="0.016" classname="utils" name="prepare_arm_levels_can_use_parentname_arm_levels"/>
    <testcase time="0.00500000000000078" classname="utils" name="prepare_arm_levels_can_use_parentname_arm_levels">
      <skipped message="Reason: On CRAN ('test-utils.R:180:3')"/>
    </testcase>
    <testcase time="0.0139999999999993" classname="utils" name="color_lab_values_main"/>
    <testcase time="0.00500000000000078" classname="utils" name="color_lab_values_main">
      <skipped message="Reason: On CRAN ('test-utils.R:188:3')"/>
    </testcase>
    <testcase time="0.0150000000000006" classname="utils" name="color_lab_values_neutral_for_none_characters"/>
    <testcase time="0.00300000000000011" classname="utils" name="color_lab_values_neutral_for_none_characters"/>
    <testcase time="0.00699999999999967" classname="utils" name="clean_description"/>
    <testcase time="0.00199999999999889" classname="utils" name="clean_description"/>
    <testcase time="0.00699999999999967" classname="utils" name="get_g_forest_obj_var_name"/>
    <testcase time="0.00600000000000023" classname="utils" name="cs_to_select_spec_single_choices_selected_is_converted_to_select_spec"/>
    <testcase time="0.00699999999999967" classname="utils" name="cs_to_select_spec_single_choices_selected_is_converted_to_select_spec_with_multiple_TRUE"/>
    <testcase time="0.00699999999999967" classname="utils" name="cs_to_select_spec_single_choices_selected_is_converted_to_select_spec_with_ordered_TRUE"/>
    <testcase time="0.0080000000000009" classname="utils" name="cs_to_select_spec_accepts_choices_selected_only"/>
    <testcase time="0.00899999999999856" classname="utils" name="cs_to_select_spec_accepts_multiple_as_flag_only"/>
    <testcase time="0.00900000000000034" classname="utils" name="cs_to_select_spec_accepts_ordered_as_flag_only"/>
    <testcase time="0.016" classname="utils" name="cs_to_filter_spec_fails_if_doesn_t_have_var_choices"/>
    <testcase time="0.0170000000000012" classname="utils" name="cs_to_filter_spec_creates_filter_spec_from_choices_selected"/>
    <testcase time="0.00699999999999967" classname="utils" name="cs_to_des_select_creates_data_extract_spec_with_single_select_and_no_filter"/>
    <testcase time="0.00699999999999967" classname="utils" name="cs_to_des_select_returns_the_input_if_data_extract_spec_is_provided"/>
    <testcase time="0.00699999999999967" classname="utils" name="cs_to_des_select_creates_data_extract_spec_with_multiple_TRUE"/>
    <testcase time="0.00699999999999967" classname="utils" name="cs_to_des_select_creates_data_extract_spec_with_ordered_TRUE"/>
    <testcase time="0.00500000000000078" classname="utils" name="as_numeric_from_comma_sep_str_returns_NULL_if_blank_string_or_NULL_entered"/>
    <testcase time="0.00200000000000067" classname="utils" name="as_numeric_from_comma_sep_str_returns_NULL_if_blank_string_or_NULL_entered"/>
    <testcase time="0.00600000000000023" classname="utils" name="as_numeric_from_comma_sep_str_returns_numeric_vector_of_numbers"/>
    <testcase time="0.00399999999999956" classname="utils" name="as_numeric_from_comma_sep_str_returns_numeric_vector_of_numbers"/>
    <testcase time="0.00600000000000023" classname="utils" name="as_numeric_from_comma_sep_str_respects_sep_argument"/>
    <testcase time="0.00300000000000011" classname="utils" name="as_numeric_from_comma_sep_str_respects_sep_argument"/>
    <testcase time="0.00499999999999901" classname="utils" name="default_total_label_works_properly"/>
    <testcase time="0.00200000000000067" classname="utils" name="default_total_label_works_properly"/>
    <testcase time="0.00100000000000122" classname="utils" name="default_total_label_works_properly"/>
  </testsuite>
  <testsuite name="validate_standard_inputs" timestamp="2025-09-24T13:16:40Z" hostname="a0c806848f65" tests="6" skipped="0" failures="0" errors="0" time="0.036">
    <testcase time="0.0119999999999987" classname="validate_standard_inputs" name="validate_arm_throws_shiny_error_if_arm_vec_is_not_a_factor"/>
    <testcase time="0.00399999999999956" classname="validate_standard_inputs" name="validate_arm_throws_shiny_error_if_arm_vec_is_not_a_factor"/>
    <testcase time="0.00900000000000034" classname="validate_standard_inputs" name="validate_arm_throws_specific_shiny_error_if_arm_vec_has_just_whitespace_strings"/>
    <testcase time="0.00400000000000134" classname="validate_standard_inputs" name="validate_arm_throws_specific_shiny_error_if_arm_vec_has_just_whitespace_strings"/>
    <testcase time="0.00599999999999845" classname="validate_standard_inputs" name="validate_arm_throws_no_error_if_arm_vec_is_a_factor"/>
    <testcase time="0.00100000000000122" classname="validate_standard_inputs" name="validate_arm_throws_no_error_if_arm_vec_is_a_factor"/>
  </testsuite>
</testsuites>
